2023-12-20 11:03:39.960  DEBUG [main] c.y.c.AnnotationConfigApplicationContext - found component in bean: com.bean.Class06
2023-12-20 11:03:39.971  DEBUG [main] c.y.c.AnnotationConfigApplicationContext - define bean: BeanDefinition(name=class06, beanClass=class com.bean.Class06, instance=null, constructor=public com.bean.Class06(), factoryName=null, factoryMethod=null, order=2147483647, primary=false, init=false, initMethodName=null, destroyMethodName=null, initMethod=null, destoyMethod=null)
2023-12-20 11:03:39.983  DEBUG [main] c.y.c.AnnotationConfigApplicationContext - found component in bean: com.bean.Class05
2023-12-20 11:03:39.983  DEBUG [main] c.y.c.AnnotationConfigApplicationContext - define bean: BeanDefinition(name=class05, beanClass=class com.bean.Class05, instance=null, constructor=public com.bean.Class05(), factoryName=null, factoryMethod=null, order=2147483647, primary=false, init=false, initMethodName=null, destroyMethodName=null, initMethod=null, destoyMethod=null)
2023-12-20 11:03:39.986  DEBUG [main] c.y.c.AnnotationConfigApplicationContext - found component in bean: com.bean.Class08
2023-12-20 11:03:39.986  DEBUG [main] c.y.c.AnnotationConfigApplicationContext - define bean: BeanDefinition(name=class08, beanClass=class com.bean.Class08, instance=null, constructor=public com.bean.Class08(), factoryName=null, factoryMethod=null, order=2147483647, primary=false, init=false, initMethodName=null, destroyMethodName=null, initMethod=null, destoyMethod=null)
2023-12-20 11:03:39.987  DEBUG [main] c.y.c.AnnotationConfigApplicationContext - found component in bean: com.bean.Class07
2023-12-20 11:03:39.987  DEBUG [main] c.y.c.AnnotationConfigApplicationContext - define bean: BeanDefinition(name=class07, beanClass=class com.bean.Class07, instance=null, constructor=public com.bean.Class07(), factoryName=null, factoryMethod=null, order=2147483647, primary=false, init=false, initMethodName=null, destroyMethodName=null, initMethod=null, destoyMethod=null)
2023-12-20 11:03:39.987  DEBUG [main] c.y.c.AnnotationConfigApplicationContext - found component in bean: com.bean.Class02
2023-12-20 11:03:39.988  DEBUG [main] c.y.c.AnnotationConfigApplicationContext - define bean: BeanDefinition(name=class02, beanClass=class com.bean.Class02, instance=null, constructor=public com.bean.Class02(), factoryName=null, factoryMethod=null, order=2147483647, primary=false, init=false, initMethodName=null, destroyMethodName=null, initMethod=null, destoyMethod=public void com.bean.Class02.destroy())
2023-12-20 11:03:39.988  DEBUG [main] c.y.c.AnnotationConfigApplicationContext - found component in bean: com.bean.Class01
2023-12-20 11:03:39.991  DEBUG [main] c.y.c.AnnotationConfigApplicationContext - define bean: BeanDefinition(name=class01, beanClass=class com.bean.Class01, instance=null, constructor=public com.bean.Class01(), factoryName=null, factoryMethod=null, order=2147483647, primary=false, init=false, initMethodName=null, destroyMethodName=null, initMethod=public void com.bean.Class01.init(), destoyMethod=public void com.bean.Class01.destroy())
2023-12-20 11:03:39.991  DEBUG [main] c.y.c.AnnotationConfigApplicationContext - define bean: BeanDefinition(name=class03, beanClass=class com.bean.class03, instance=null, constructor=null, factoryName=class01, factoryMethod=public com.bean.class03 com.bean.Class01.class03(com.bean.Class04,java.lang.String), order=2147483647, primary=false, init=false, initMethodName=null, destroyMethodName=null, initMethod=null, destoyMethod=null)
2023-12-20 11:03:39.992  DEBUG [main] c.y.c.AnnotationConfigApplicationContext - found component in bean: com.bean.Class04
2023-12-20 11:03:39.992  DEBUG [main] c.y.c.AnnotationConfigApplicationContext - define bean: BeanDefinition(name=class04, beanClass=class com.bean.Class04, instance=null, constructor=public com.bean.Class04(), factoryName=null, factoryMethod=null, order=2147483647, primary=false, init=false, initMethodName=null, destroyMethodName=null, initMethod=null, destoyMethod=null)
2023-12-20 11:03:39.993  DEBUG [main] c.y.c.AnnotationConfigApplicationContext - found component in bean: com.bean.Class02Proxy
2023-12-20 11:03:39.994  DEBUG [main] c.y.c.AnnotationConfigApplicationContext - found component in bean: com.bean.FirstProxyBeanPostProcessor
2023-12-20 11:03:39.994  DEBUG [main] c.y.c.AnnotationConfigApplicationContext - define bean: BeanDefinition(name=firstProxyBeanPostProcessor, beanClass=class com.bean.FirstProxyBeanPostProcessor, instance=null, constructor=public com.bean.FirstProxyBeanPostProcessor(), factoryName=null, factoryMethod=null, order=2147483647, primary=false, init=false, initMethodName=null, destroyMethodName=null, initMethod=null, destoyMethod=null)
2023-12-20 11:03:39.995  DEBUG [main] c.y.c.AnnotationConfigApplicationContext - found component in bean: com.bean.class03
2023-12-20 11:03:39.996  DEBUG [main] c.y.c.AnnotationConfigApplicationContext - try create Bean 'class08' as early singleton: com.bean.Class08
2023-12-20 11:03:39.996  DEBUG [main] c.y.c.AnnotationConfigApplicationContext - try create Bean 'class01' as early singleton: com.bean.Class01
2023-12-20 11:03:39.998  DEBUG [main] c.y.c.AnnotationConfigApplicationContext - try create Bean 'firstProxyBeanPostProcessor' as early singleton: com.bean.FirstProxyBeanPostProcessor
2023-12-20 11:03:39.999  DEBUG [main] c.y.c.AnnotationConfigApplicationContext - try create Bean 'class02' as early singleton: com.bean.Class02
2023-12-20 11:03:39.999  DEBUG [main] c.y.c.AnnotationConfigApplicationContext - bean 'class02' was replaced by the processor: com.bean.FirstProxyBeanPostProcessor
2023-12-20 11:03:39.999  DEBUG [main] c.y.c.AnnotationConfigApplicationContext - try create Bean 'class03' as early singleton: com.bean.class03
2023-12-20 11:03:40.003  DEBUG [main] c.y.c.AnnotationConfigApplicationContext - defs: [BeanDefinition(name=class04, beanClass=class com.bean.Class04, instance=null, constructor=public com.bean.Class04(), factoryName=null, factoryMethod=null, order=2147483647, primary=false, init=false, initMethodName=null, destroyMethodName=null, initMethod=null, destoyMethod=null)]
2023-12-20 11:03:40.003  DEBUG [main] c.y.c.AnnotationConfigApplicationContext - try create Bean 'class04' as early singleton: com.bean.Class04
2023-12-20 11:03:40.004  DEBUG [main] c.y.i.PropertyResolver - k: a.b.c, dv: 1000
2023-12-20 11:03:40.005  DEBUG [main] c.y.c.AnnotationConfigApplicationContext - try create Bean 'class05' as early singleton: com.bean.Class05
2023-12-20 11:03:40.005  DEBUG [main] c.y.c.AnnotationConfigApplicationContext - try create Bean 'class06' as early singleton: com.bean.Class06
2023-12-20 11:03:40.005  DEBUG [main] c.y.c.AnnotationConfigApplicationContext - try create Bean 'class07' as early singleton: com.bean.Class07
2023-12-20 11:03:40.006  DEBUG [main] c.y.c.AnnotationConfigApplicationContext - defs: [BeanDefinition(name=class07, beanClass=class com.bean.Class07, instance=com.bean.Class07@6a28ffa4, constructor=public com.bean.Class07(), factoryName=null, factoryMethod=null, order=2147483647, primary=false, init=false, initMethodName=null, destroyMethodName=null, initMethod=null, destoyMethod=null)]
2023-12-20 11:03:40.006  DEBUG [main] c.y.i.PropertyResolver - k: a.b.c, dv: null
2023-12-20 11:03:40.007  DEBUG [main] c.y.c.AnnotationConfigApplicationContext - defs: [BeanDefinition(name=class05, beanClass=class com.bean.Class05, instance=com.bean.Class05@1700915, constructor=public com.bean.Class05(), factoryName=null, factoryMethod=null, order=2147483647, primary=false, init=false, initMethodName=null, destroyMethodName=null, initMethod=null, destoyMethod=null)]
2023-12-20 11:03:40.008  DEBUG [main] c.y.c.AnnotationConfigApplicationContext - bean initialized: BeanDefinition(name=class01, beanClass=class com.bean.Class01, instance=Class01(class07=com.bean.Class07@6a28ffa4, abcd=abc), constructor=public com.bean.Class01(), factoryName=null, factoryMethod=null, order=2147483647, primary=false, init=false, initMethodName=null, destroyMethodName=null, initMethod=public void com.bean.Class01.init(), destoyMethod=public void com.bean.Class01.destroy())
2023-12-20 11:03:40.010  DEBUG [main] c.y.c.AnnotationConfigApplicationContext - bean initialized: BeanDefinition(name=class02, beanClass=class com.bean.Class02, instance=com.bean.Class02Proxy@636be97c, constructor=public com.bean.Class02(), factoryName=null, factoryMethod=null, order=2147483647, primary=false, init=false, initMethodName=null, destroyMethodName=null, initMethod=null, destoyMethod=public void com.bean.Class02.destroy())
2023-12-20 11:03:40.011  DEBUG [main] c.y.c.AnnotationConfigApplicationContext - bean initialized: BeanDefinition(name=class03, beanClass=class com.bean.class03, instance=com.bean.class03@50a638b5, constructor=null, factoryName=class01, factoryMethod=public com.bean.class03 com.bean.Class01.class03(com.bean.Class04,java.lang.String), order=2147483647, primary=false, init=false, initMethodName=null, destroyMethodName=null, initMethod=null, destoyMethod=null)
2023-12-20 11:03:40.011  DEBUG [main] c.y.c.AnnotationConfigApplicationContext - bean initialized: BeanDefinition(name=class04, beanClass=class com.bean.Class04, instance=com.bean.Class04@63355449, constructor=public com.bean.Class04(), factoryName=null, factoryMethod=null, order=2147483647, primary=false, init=false, initMethodName=null, destroyMethodName=null, initMethod=null, destoyMethod=null)
2023-12-20 11:03:40.011  DEBUG [main] c.y.c.AnnotationConfigApplicationContext - bean initialized: BeanDefinition(name=class05, beanClass=class com.bean.Class05, instance=com.bean.Class05@1700915, constructor=public com.bean.Class05(), factoryName=null, factoryMethod=null, order=2147483647, primary=false, init=false, initMethodName=null, destroyMethodName=null, initMethod=null, destoyMethod=null)
2023-12-20 11:03:40.011  DEBUG [main] c.y.c.AnnotationConfigApplicationContext - bean initialized: BeanDefinition(name=class06, beanClass=class com.bean.Class06, instance=com.bean.Class06@1817d444, constructor=public com.bean.Class06(), factoryName=null, factoryMethod=null, order=2147483647, primary=false, init=false, initMethodName=null, destroyMethodName=null, initMethod=null, destoyMethod=null)
2023-12-20 11:03:40.011  DEBUG [main] c.y.c.AnnotationConfigApplicationContext - bean initialized: BeanDefinition(name=class07, beanClass=class com.bean.Class07, instance=com.bean.Class07@6a28ffa4, constructor=public com.bean.Class07(), factoryName=null, factoryMethod=null, order=2147483647, primary=false, init=false, initMethodName=null, destroyMethodName=null, initMethod=null, destoyMethod=null)
2023-12-20 11:03:40.012  DEBUG [main] c.y.c.AnnotationConfigApplicationContext - bean initialized: BeanDefinition(name=class08, beanClass=class com.bean.Class08, instance=com.bean.Class08@6ca8564a, constructor=public com.bean.Class08(), factoryName=null, factoryMethod=null, order=2147483647, primary=false, init=false, initMethodName=null, destroyMethodName=null, initMethod=null, destoyMethod=null)
2023-12-20 11:03:40.012  DEBUG [main] c.y.c.AnnotationConfigApplicationContext - bean initialized: BeanDefinition(name=firstProxyBeanPostProcessor, beanClass=class com.bean.FirstProxyBeanPostProcessor, instance=com.bean.FirstProxyBeanPostProcessor@50b472aa, constructor=public com.bean.FirstProxyBeanPostProcessor(), factoryName=null, factoryMethod=null, order=2147483647, primary=false, init=false, initMethodName=null, destroyMethodName=null, initMethod=null, destoyMethod=null)
2023-12-20 11:04:14.987  DEBUG [main] c.y.c.AnnotationConfigApplicationContext - found component in bean: com.bean.Class06
2023-12-20 11:04:14.997  DEBUG [main] c.y.c.AnnotationConfigApplicationContext - define bean: BeanDefinition(name=class06, beanClass=class com.bean.Class06, instance=null, constructor=public com.bean.Class06(), factoryName=null, factoryMethod=null, order=2147483647, primary=false, init=false, initMethodName=null, destroyMethodName=null, initMethod=null, destoyMethod=null)
2023-12-20 11:04:15.010  DEBUG [main] c.y.c.AnnotationConfigApplicationContext - found component in bean: com.bean.Class05
2023-12-20 11:04:15.010  DEBUG [main] c.y.c.AnnotationConfigApplicationContext - define bean: BeanDefinition(name=class05, beanClass=class com.bean.Class05, instance=null, constructor=public com.bean.Class05(), factoryName=null, factoryMethod=null, order=2147483647, primary=false, init=false, initMethodName=null, destroyMethodName=null, initMethod=null, destoyMethod=null)
2023-12-20 11:04:15.012  DEBUG [main] c.y.c.AnnotationConfigApplicationContext - found component in bean: com.bean.Class08
2023-12-20 11:04:15.012  DEBUG [main] c.y.c.AnnotationConfigApplicationContext - define bean: BeanDefinition(name=class08, beanClass=class com.bean.Class08, instance=null, constructor=public com.bean.Class08(), factoryName=null, factoryMethod=null, order=2147483647, primary=false, init=false, initMethodName=null, destroyMethodName=null, initMethod=null, destoyMethod=null)
2023-12-20 11:04:15.013  DEBUG [main] c.y.c.AnnotationConfigApplicationContext - found component in bean: com.bean.Class07
2023-12-20 11:04:15.013  DEBUG [main] c.y.c.AnnotationConfigApplicationContext - define bean: BeanDefinition(name=class07, beanClass=class com.bean.Class07, instance=null, constructor=public com.bean.Class07(), factoryName=null, factoryMethod=null, order=2147483647, primary=false, init=false, initMethodName=null, destroyMethodName=null, initMethod=null, destoyMethod=null)
2023-12-20 11:04:15.013  DEBUG [main] c.y.c.AnnotationConfigApplicationContext - found component in bean: com.bean.Class02
2023-12-20 11:04:15.014  DEBUG [main] c.y.c.AnnotationConfigApplicationContext - define bean: BeanDefinition(name=class02, beanClass=class com.bean.Class02, instance=null, constructor=public com.bean.Class02(), factoryName=null, factoryMethod=null, order=2147483647, primary=false, init=false, initMethodName=null, destroyMethodName=null, initMethod=null, destoyMethod=public void com.bean.Class02.destroy())
2023-12-20 11:04:15.014  DEBUG [main] c.y.c.AnnotationConfigApplicationContext - found component in bean: com.bean.Class01
2023-12-20 11:04:15.016  DEBUG [main] c.y.c.AnnotationConfigApplicationContext - define bean: BeanDefinition(name=class01, beanClass=class com.bean.Class01, instance=null, constructor=public com.bean.Class01(), factoryName=null, factoryMethod=null, order=2147483647, primary=false, init=false, initMethodName=null, destroyMethodName=null, initMethod=public void com.bean.Class01.init(), destoyMethod=public void com.bean.Class01.destroy())
2023-12-20 11:04:15.017  DEBUG [main] c.y.c.AnnotationConfigApplicationContext - define bean: BeanDefinition(name=class03, beanClass=class com.bean.class03, instance=null, constructor=null, factoryName=class01, factoryMethod=public com.bean.class03 com.bean.Class01.class03(com.bean.Class04,java.lang.String), order=2147483647, primary=false, init=false, initMethodName=null, destroyMethodName=null, initMethod=null, destoyMethod=null)
2023-12-20 11:04:15.017  DEBUG [main] c.y.c.AnnotationConfigApplicationContext - found component in bean: com.bean.Class04
2023-12-20 11:04:15.017  DEBUG [main] c.y.c.AnnotationConfigApplicationContext - define bean: BeanDefinition(name=class04, beanClass=class com.bean.Class04, instance=null, constructor=public com.bean.Class04(), factoryName=null, factoryMethod=null, order=2147483647, primary=false, init=false, initMethodName=null, destroyMethodName=null, initMethod=null, destoyMethod=null)
2023-12-20 11:04:15.018  DEBUG [main] c.y.c.AnnotationConfigApplicationContext - found component in bean: com.bean.Class02Proxy
2023-12-20 11:04:15.019  DEBUG [main] c.y.c.AnnotationConfigApplicationContext - found component in bean: com.bean.FirstProxyBeanPostProcessor
2023-12-20 11:04:15.019  DEBUG [main] c.y.c.AnnotationConfigApplicationContext - define bean: BeanDefinition(name=firstProxyBeanPostProcessor, beanClass=class com.bean.FirstProxyBeanPostProcessor, instance=null, constructor=public com.bean.FirstProxyBeanPostProcessor(), factoryName=null, factoryMethod=null, order=2147483647, primary=false, init=false, initMethodName=null, destroyMethodName=null, initMethod=null, destoyMethod=null)
2023-12-20 11:04:15.019  DEBUG [main] c.y.c.AnnotationConfigApplicationContext - found component in bean: com.bean.class03
2023-12-20 11:04:15.021  DEBUG [main] c.y.c.AnnotationConfigApplicationContext - try create Bean 'class08' as early singleton: com.bean.Class08
2023-12-20 11:04:15.021  DEBUG [main] c.y.c.AnnotationConfigApplicationContext - try create Bean 'class01' as early singleton: com.bean.Class01
2023-12-20 11:04:15.023  DEBUG [main] c.y.c.AnnotationConfigApplicationContext - try create Bean 'firstProxyBeanPostProcessor' as early singleton: com.bean.FirstProxyBeanPostProcessor
2023-12-20 11:04:15.024  DEBUG [main] c.y.c.AnnotationConfigApplicationContext - try create Bean 'class02' as early singleton: com.bean.Class02
2023-12-20 11:04:15.024  DEBUG [main] c.y.c.AnnotationConfigApplicationContext - bean 'class02' was replaced by the processor: com.bean.FirstProxyBeanPostProcessor
2023-12-20 11:04:15.024  DEBUG [main] c.y.c.AnnotationConfigApplicationContext - try create Bean 'class03' as early singleton: com.bean.class03
2023-12-20 11:04:15.028  DEBUG [main] c.y.c.AnnotationConfigApplicationContext - defs: [BeanDefinition(name=class04, beanClass=class com.bean.Class04, instance=null, constructor=public com.bean.Class04(), factoryName=null, factoryMethod=null, order=2147483647, primary=false, init=false, initMethodName=null, destroyMethodName=null, initMethod=null, destoyMethod=null)]
2023-12-20 11:04:15.028  DEBUG [main] c.y.c.AnnotationConfigApplicationContext - try create Bean 'class04' as early singleton: com.bean.Class04
2023-12-20 11:04:15.029  DEBUG [main] c.y.i.PropertyResolver - k: a.b.c, dv: 1000
2023-12-20 11:04:15.030  DEBUG [main] c.y.c.AnnotationConfigApplicationContext - try create Bean 'class05' as early singleton: com.bean.Class05
2023-12-20 11:04:15.030  DEBUG [main] c.y.c.AnnotationConfigApplicationContext - try create Bean 'class06' as early singleton: com.bean.Class06
2023-12-20 11:04:15.030  DEBUG [main] c.y.c.AnnotationConfigApplicationContext - try create Bean 'class07' as early singleton: com.bean.Class07
2023-12-20 11:04:15.031  DEBUG [main] c.y.c.AnnotationConfigApplicationContext - defs: [BeanDefinition(name=class07, beanClass=class com.bean.Class07, instance=com.bean.Class07@6a28ffa4, constructor=public com.bean.Class07(), factoryName=null, factoryMethod=null, order=2147483647, primary=false, init=false, initMethodName=null, destroyMethodName=null, initMethod=null, destoyMethod=null)]
2023-12-20 11:04:15.031  DEBUG [main] c.y.i.PropertyResolver - k: a.b.c, dv: null
2023-12-20 11:04:15.031  DEBUG [main] c.y.c.AnnotationConfigApplicationContext - defs: [BeanDefinition(name=class05, beanClass=class com.bean.Class05, instance=com.bean.Class05@1700915, constructor=public com.bean.Class05(), factoryName=null, factoryMethod=null, order=2147483647, primary=false, init=false, initMethodName=null, destroyMethodName=null, initMethod=null, destoyMethod=null)]
2023-12-20 11:04:15.033  DEBUG [main] c.y.c.AnnotationConfigApplicationContext - bean initialized: BeanDefinition(name=class01, beanClass=class com.bean.Class01, instance=Class01(class07=com.bean.Class07@6a28ffa4, abcd=abc), constructor=public com.bean.Class01(), factoryName=null, factoryMethod=null, order=2147483647, primary=false, init=false, initMethodName=null, destroyMethodName=null, initMethod=public void com.bean.Class01.init(), destoyMethod=public void com.bean.Class01.destroy())
2023-12-20 11:04:15.035  DEBUG [main] c.y.c.AnnotationConfigApplicationContext - bean initialized: BeanDefinition(name=class02, beanClass=class com.bean.Class02, instance=com.bean.Class02Proxy@636be97c, constructor=public com.bean.Class02(), factoryName=null, factoryMethod=null, order=2147483647, primary=false, init=false, initMethodName=null, destroyMethodName=null, initMethod=null, destoyMethod=public void com.bean.Class02.destroy())
2023-12-20 11:04:15.035  DEBUG [main] c.y.c.AnnotationConfigApplicationContext - bean initialized: BeanDefinition(name=class03, beanClass=class com.bean.class03, instance=com.bean.class03@50a638b5, constructor=null, factoryName=class01, factoryMethod=public com.bean.class03 com.bean.Class01.class03(com.bean.Class04,java.lang.String), order=2147483647, primary=false, init=false, initMethodName=null, destroyMethodName=null, initMethod=null, destoyMethod=null)
2023-12-20 11:04:15.035  DEBUG [main] c.y.c.AnnotationConfigApplicationContext - bean initialized: BeanDefinition(name=class04, beanClass=class com.bean.Class04, instance=com.bean.Class04@63355449, constructor=public com.bean.Class04(), factoryName=null, factoryMethod=null, order=2147483647, primary=false, init=false, initMethodName=null, destroyMethodName=null, initMethod=null, destoyMethod=null)
2023-12-20 11:04:15.036  DEBUG [main] c.y.c.AnnotationConfigApplicationContext - bean initialized: BeanDefinition(name=class05, beanClass=class com.bean.Class05, instance=com.bean.Class05@1700915, constructor=public com.bean.Class05(), factoryName=null, factoryMethod=null, order=2147483647, primary=false, init=false, initMethodName=null, destroyMethodName=null, initMethod=null, destoyMethod=null)
2023-12-20 11:04:15.036  DEBUG [main] c.y.c.AnnotationConfigApplicationContext - bean initialized: BeanDefinition(name=class06, beanClass=class com.bean.Class06, instance=com.bean.Class06@1817d444, constructor=public com.bean.Class06(), factoryName=null, factoryMethod=null, order=2147483647, primary=false, init=false, initMethodName=null, destroyMethodName=null, initMethod=null, destoyMethod=null)
2023-12-20 11:04:15.036  DEBUG [main] c.y.c.AnnotationConfigApplicationContext - bean initialized: BeanDefinition(name=class07, beanClass=class com.bean.Class07, instance=com.bean.Class07@6a28ffa4, constructor=public com.bean.Class07(), factoryName=null, factoryMethod=null, order=2147483647, primary=false, init=false, initMethodName=null, destroyMethodName=null, initMethod=null, destoyMethod=null)
2023-12-20 11:04:15.036  DEBUG [main] c.y.c.AnnotationConfigApplicationContext - bean initialized: BeanDefinition(name=class08, beanClass=class com.bean.Class08, instance=com.bean.Class08@6ca8564a, constructor=public com.bean.Class08(), factoryName=null, factoryMethod=null, order=2147483647, primary=false, init=false, initMethodName=null, destroyMethodName=null, initMethod=null, destoyMethod=null)
2023-12-20 11:04:15.036  DEBUG [main] c.y.c.AnnotationConfigApplicationContext - bean initialized: BeanDefinition(name=firstProxyBeanPostProcessor, beanClass=class com.bean.FirstProxyBeanPostProcessor, instance=com.bean.FirstProxyBeanPostProcessor@50b472aa, constructor=public com.bean.FirstProxyBeanPostProcessor(), factoryName=null, factoryMethod=null, order=2147483647, primary=false, init=false, initMethodName=null, destroyMethodName=null, initMethod=null, destoyMethod=null)
2023-12-20 11:04:40.970  DEBUG [main] c.y.c.AnnotationConfigApplicationContext - found component in bean: com.bean.Class06
2023-12-20 11:04:40.980  DEBUG [main] c.y.c.AnnotationConfigApplicationContext - define bean: BeanDefinition(name=class06, beanClass=class com.bean.Class06, instance=null, constructor=public com.bean.Class06(), factoryName=null, factoryMethod=null, order=2147483647, primary=false, init=false, initMethodName=null, destroyMethodName=null, initMethod=null, destoyMethod=null)
2023-12-20 11:04:40.993  DEBUG [main] c.y.c.AnnotationConfigApplicationContext - found component in bean: com.bean.Class05
2023-12-20 11:04:40.993  DEBUG [main] c.y.c.AnnotationConfigApplicationContext - define bean: BeanDefinition(name=class05, beanClass=class com.bean.Class05, instance=null, constructor=public com.bean.Class05(), factoryName=null, factoryMethod=null, order=2147483647, primary=false, init=false, initMethodName=null, destroyMethodName=null, initMethod=null, destoyMethod=null)
2023-12-20 11:04:40.995  DEBUG [main] c.y.c.AnnotationConfigApplicationContext - found component in bean: com.bean.Class08
2023-12-20 11:04:40.995  DEBUG [main] c.y.c.AnnotationConfigApplicationContext - define bean: BeanDefinition(name=class08, beanClass=class com.bean.Class08, instance=null, constructor=public com.bean.Class08(), factoryName=null, factoryMethod=null, order=2147483647, primary=false, init=false, initMethodName=null, destroyMethodName=null, initMethod=null, destoyMethod=null)
2023-12-20 11:04:40.996  DEBUG [main] c.y.c.AnnotationConfigApplicationContext - found component in bean: com.bean.Class07
2023-12-20 11:04:40.996  DEBUG [main] c.y.c.AnnotationConfigApplicationContext - define bean: BeanDefinition(name=class07, beanClass=class com.bean.Class07, instance=null, constructor=public com.bean.Class07(), factoryName=null, factoryMethod=null, order=2147483647, primary=false, init=false, initMethodName=null, destroyMethodName=null, initMethod=null, destoyMethod=null)
2023-12-20 11:04:40.996  DEBUG [main] c.y.c.AnnotationConfigApplicationContext - found component in bean: com.bean.Class02
2023-12-20 11:04:40.997  DEBUG [main] c.y.c.AnnotationConfigApplicationContext - define bean: BeanDefinition(name=class02, beanClass=class com.bean.Class02, instance=null, constructor=public com.bean.Class02(), factoryName=null, factoryMethod=null, order=2147483647, primary=false, init=false, initMethodName=null, destroyMethodName=null, initMethod=null, destoyMethod=public void com.bean.Class02.destroy())
2023-12-20 11:04:40.998  DEBUG [main] c.y.c.AnnotationConfigApplicationContext - found component in bean: com.bean.Class01
2023-12-20 11:04:41.000  DEBUG [main] c.y.c.AnnotationConfigApplicationContext - define bean: BeanDefinition(name=class01, beanClass=class com.bean.Class01, instance=null, constructor=public com.bean.Class01(), factoryName=null, factoryMethod=null, order=2147483647, primary=false, init=false, initMethodName=null, destroyMethodName=null, initMethod=public void com.bean.Class01.init(), destoyMethod=public void com.bean.Class01.destroy())
2023-12-20 11:04:41.001  DEBUG [main] c.y.c.AnnotationConfigApplicationContext - define bean: BeanDefinition(name=class03, beanClass=class com.bean.class03, instance=null, constructor=null, factoryName=class01, factoryMethod=public com.bean.class03 com.bean.Class01.class03(com.bean.Class04,java.lang.String), order=2147483647, primary=false, init=false, initMethodName=null, destroyMethodName=null, initMethod=null, destoyMethod=null)
2023-12-20 11:04:41.001  DEBUG [main] c.y.c.AnnotationConfigApplicationContext - found component in bean: com.bean.Class04
2023-12-20 11:04:41.001  DEBUG [main] c.y.c.AnnotationConfigApplicationContext - define bean: BeanDefinition(name=class04, beanClass=class com.bean.Class04, instance=null, constructor=public com.bean.Class04(), factoryName=null, factoryMethod=null, order=2147483647, primary=false, init=false, initMethodName=null, destroyMethodName=null, initMethod=null, destoyMethod=null)
2023-12-20 11:04:41.001  DEBUG [main] c.y.c.AnnotationConfigApplicationContext - found component in bean: com.bean.Class02Proxy
2023-12-20 11:04:41.002  DEBUG [main] c.y.c.AnnotationConfigApplicationContext - found component in bean: com.bean.FirstProxyBeanPostProcessor
2023-12-20 11:04:41.003  DEBUG [main] c.y.c.AnnotationConfigApplicationContext - define bean: BeanDefinition(name=firstProxyBeanPostProcessor, beanClass=class com.bean.FirstProxyBeanPostProcessor, instance=null, constructor=public com.bean.FirstProxyBeanPostProcessor(), factoryName=null, factoryMethod=null, order=2147483647, primary=false, init=false, initMethodName=null, destroyMethodName=null, initMethod=null, destoyMethod=null)
2023-12-20 11:04:41.003  DEBUG [main] c.y.c.AnnotationConfigApplicationContext - found component in bean: com.bean.class03
2023-12-20 11:04:41.004  DEBUG [main] c.y.c.AnnotationConfigApplicationContext - try create Bean 'class08' as early singleton: com.bean.Class08
2023-12-20 11:04:41.004  DEBUG [main] c.y.c.AnnotationConfigApplicationContext - try create Bean 'class01' as early singleton: com.bean.Class01
2023-12-20 11:04:41.006  DEBUG [main] c.y.c.AnnotationConfigApplicationContext - try create Bean 'firstProxyBeanPostProcessor' as early singleton: com.bean.FirstProxyBeanPostProcessor
2023-12-20 11:04:41.006  DEBUG [main] c.y.c.AnnotationConfigApplicationContext - try create Bean 'class02' as early singleton: com.bean.Class02
2023-12-20 11:04:41.007  DEBUG [main] c.y.c.AnnotationConfigApplicationContext - bean 'class02' was replaced by the processor: com.bean.FirstProxyBeanPostProcessor
2023-12-20 11:04:41.007  DEBUG [main] c.y.c.AnnotationConfigApplicationContext - try create Bean 'class03' as early singleton: com.bean.class03
2023-12-20 11:04:41.010  DEBUG [main] c.y.c.AnnotationConfigApplicationContext - defs: [BeanDefinition(name=class04, beanClass=class com.bean.Class04, instance=null, constructor=public com.bean.Class04(), factoryName=null, factoryMethod=null, order=2147483647, primary=false, init=false, initMethodName=null, destroyMethodName=null, initMethod=null, destoyMethod=null)]
2023-12-20 11:04:41.011  DEBUG [main] c.y.c.AnnotationConfigApplicationContext - try create Bean 'class04' as early singleton: com.bean.Class04
2023-12-20 11:04:41.011  DEBUG [main] c.y.i.PropertyResolver - k: a.b.c, dv: 1000
2023-12-20 11:04:41.012  DEBUG [main] c.y.c.AnnotationConfigApplicationContext - try create Bean 'class05' as early singleton: com.bean.Class05
2023-12-20 11:04:41.012  DEBUG [main] c.y.c.AnnotationConfigApplicationContext - try create Bean 'class06' as early singleton: com.bean.Class06
2023-12-20 11:04:41.012  DEBUG [main] c.y.c.AnnotationConfigApplicationContext - try create Bean 'class07' as early singleton: com.bean.Class07
2023-12-20 11:04:41.013  DEBUG [main] c.y.c.AnnotationConfigApplicationContext - defs: [BeanDefinition(name=class07, beanClass=class com.bean.Class07, instance=com.bean.Class07@6a28ffa4, constructor=public com.bean.Class07(), factoryName=null, factoryMethod=null, order=2147483647, primary=false, init=false, initMethodName=null, destroyMethodName=null, initMethod=null, destoyMethod=null)]
2023-12-20 11:04:41.013  DEBUG [main] c.y.i.PropertyResolver - k: a.b.c, dv: null
2023-12-20 11:04:41.014  DEBUG [main] c.y.c.AnnotationConfigApplicationContext - defs: [BeanDefinition(name=class05, beanClass=class com.bean.Class05, instance=com.bean.Class05@1700915, constructor=public com.bean.Class05(), factoryName=null, factoryMethod=null, order=2147483647, primary=false, init=false, initMethodName=null, destroyMethodName=null, initMethod=null, destoyMethod=null)]
2023-12-20 11:04:41.015  DEBUG [main] c.y.c.AnnotationConfigApplicationContext - bean initialized: BeanDefinition(name=class01, beanClass=class com.bean.Class01, instance=Class01(class07=com.bean.Class07@6a28ffa4, abcd=abc), constructor=public com.bean.Class01(), factoryName=null, factoryMethod=null, order=2147483647, primary=false, init=false, initMethodName=null, destroyMethodName=null, initMethod=public void com.bean.Class01.init(), destoyMethod=public void com.bean.Class01.destroy())
2023-12-20 11:04:41.017  DEBUG [main] c.y.c.AnnotationConfigApplicationContext - bean initialized: BeanDefinition(name=class02, beanClass=class com.bean.Class02, instance=com.bean.Class02Proxy@636be97c, constructor=public com.bean.Class02(), factoryName=null, factoryMethod=null, order=2147483647, primary=false, init=false, initMethodName=null, destroyMethodName=null, initMethod=null, destoyMethod=public void com.bean.Class02.destroy())
2023-12-20 11:04:41.017  DEBUG [main] c.y.c.AnnotationConfigApplicationContext - bean initialized: BeanDefinition(name=class03, beanClass=class com.bean.class03, instance=com.bean.class03@50a638b5, constructor=null, factoryName=class01, factoryMethod=public com.bean.class03 com.bean.Class01.class03(com.bean.Class04,java.lang.String), order=2147483647, primary=false, init=false, initMethodName=null, destroyMethodName=null, initMethod=null, destoyMethod=null)
2023-12-20 11:04:41.017  DEBUG [main] c.y.c.AnnotationConfigApplicationContext - bean initialized: BeanDefinition(name=class04, beanClass=class com.bean.Class04, instance=com.bean.Class04@63355449, constructor=public com.bean.Class04(), factoryName=null, factoryMethod=null, order=2147483647, primary=false, init=false, initMethodName=null, destroyMethodName=null, initMethod=null, destoyMethod=null)
2023-12-20 11:04:41.017  DEBUG [main] c.y.c.AnnotationConfigApplicationContext - bean initialized: BeanDefinition(name=class05, beanClass=class com.bean.Class05, instance=com.bean.Class05@1700915, constructor=public com.bean.Class05(), factoryName=null, factoryMethod=null, order=2147483647, primary=false, init=false, initMethodName=null, destroyMethodName=null, initMethod=null, destoyMethod=null)
2023-12-20 11:04:41.018  DEBUG [main] c.y.c.AnnotationConfigApplicationContext - bean initialized: BeanDefinition(name=class06, beanClass=class com.bean.Class06, instance=com.bean.Class06@1817d444, constructor=public com.bean.Class06(), factoryName=null, factoryMethod=null, order=2147483647, primary=false, init=false, initMethodName=null, destroyMethodName=null, initMethod=null, destoyMethod=null)
2023-12-20 11:04:41.018  DEBUG [main] c.y.c.AnnotationConfigApplicationContext - bean initialized: BeanDefinition(name=class07, beanClass=class com.bean.Class07, instance=com.bean.Class07@6a28ffa4, constructor=public com.bean.Class07(), factoryName=null, factoryMethod=null, order=2147483647, primary=false, init=false, initMethodName=null, destroyMethodName=null, initMethod=null, destoyMethod=null)
2023-12-20 11:04:41.018  DEBUG [main] c.y.c.AnnotationConfigApplicationContext - bean initialized: BeanDefinition(name=class08, beanClass=class com.bean.Class08, instance=com.bean.Class08@6ca8564a, constructor=public com.bean.Class08(), factoryName=null, factoryMethod=null, order=2147483647, primary=false, init=false, initMethodName=null, destroyMethodName=null, initMethod=null, destoyMethod=null)
2023-12-20 11:04:41.018  DEBUG [main] c.y.c.AnnotationConfigApplicationContext - bean initialized: BeanDefinition(name=firstProxyBeanPostProcessor, beanClass=class com.bean.FirstProxyBeanPostProcessor, instance=com.bean.FirstProxyBeanPostProcessor@50b472aa, constructor=public com.bean.FirstProxyBeanPostProcessor(), factoryName=null, factoryMethod=null, order=2147483647, primary=false, init=false, initMethodName=null, destroyMethodName=null, initMethod=null, destoyMethod=null)
