2023-11-10 14:50:51.067  DEBUG [main] c.y.PropertyResolverTest - prop: null
2023-11-10 14:51:01.242  DEBUG [main] c.y.PropertyResolverTest - prop: 123
2023-11-10 14:51:29.179  DEBUG [main] c.y.PropertyResolverTest - properties: {aaa=, bbb=456, winter=}
2023-11-10 14:51:29.188  DEBUG [main] c.y.PropertyResolverTest - prop: null
2023-11-10 14:56:49.578  INFO  [main] c.y.testUtils - load config: application.yml
2023-11-10 14:57:20.698  INFO  [main] c.y.testUtils - load config: application.yml
2023-11-10 14:57:20.707  DEBUG [main] c.y.i.PropertyResolver - propertyExpr: PropertyExpr[key=winter.aaa.bbb, defaultValue=null]
2023-11-10 14:57:20.718  DEBUG [main] c.y.PropertyResolverTest - p: null
2023-11-10 14:58:32.218  INFO  [main] c.y.testUtils - load config: application.yml
2023-11-10 14:58:32.223  DEBUG [main] c.y.i.PropertyResolver - key: winter.aaa.bbb, value: 456
2023-11-10 14:58:32.228  DEBUG [main] c.y.PropertyResolverTest - p: null
2023-11-10 14:59:25.879  INFO  [main] c.y.testUtils - load config: application.yml
2023-11-10 14:59:25.888  DEBUG [main] c.y.i.PropertyResolver - key: winter.aaa.bbb, value: null
2023-11-10 14:59:25.888  DEBUG [main] c.y.PropertyResolverTest - p: null
2023-11-10 14:59:59.491  INFO  [main] c.y.testUtils - load config: application.yml
2023-11-10 14:59:59.495  DEBUG [main] c.y.i.PropertyResolver - k: winter.aaa.bbb, v: null
2023-11-10 14:59:59.500  DEBUG [main] c.y.i.PropertyResolver - key: winter.aaa.bbb, value: null
2023-11-10 14:59:59.501  DEBUG [main] c.y.PropertyResolverTest - p: null
2023-11-10 15:00:55.377  INFO  [main] c.y.testUtils - load config: application.yml
2023-11-10 15:00:55.381  DEBUG [main] c.y.i.PropertyResolver - k: winter.aaa.bbb, v: null
2023-11-10 15:00:55.381  DEBUG [main] c.y.i.PropertyResolver - props: {winter.aaa.bbb=456}
2023-11-10 15:00:55.385  DEBUG [main] c.y.i.PropertyResolver - key: winter.aaa.bbb, value: null
2023-11-10 15:00:55.386  DEBUG [main] c.y.PropertyResolverTest - p: null
2023-11-10 15:01:28.866  INFO  [main] c.y.testUtils - load config: application.yml
2023-11-10 15:01:28.870  DEBUG [main] c.y.i.PropertyResolver - k: winter.aaa.bbb, v: 456
2023-11-10 15:01:28.871  DEBUG [main] c.y.i.PropertyResolver - props: {winter.aaa.bbb=456}
2023-11-10 15:01:28.875  DEBUG [main] c.y.i.PropertyResolver - key: winter.aaa.bbb, value: null
2023-11-10 15:01:28.875  DEBUG [main] c.y.PropertyResolverTest - p: null
2023-11-10 15:01:52.951  INFO  [main] c.y.testUtils - load config: application.yml
2023-11-10 15:03:50.379  INFO  [main] c.y.testUtils - load config: application.yml
2023-11-10 15:03:50.384  DEBUG [main] c.y.i.PropertyResolver - k: winter.aaa.bbb, v: 456
2023-11-10 15:03:50.384  DEBUG [main] c.y.i.PropertyResolver - props: {winter.aaa.bbb=456}
2023-11-10 15:03:50.388  DEBUG [main] c.y.i.PropertyResolver - key: winter.aaa.bbb, value: 456
2023-11-10 15:03:50.389  DEBUG [main] c.y.PropertyResolverTest - p: 456
2023-11-10 15:45:57.757  INFO  [main] c.y.testUtils - load config: application.yml
2023-11-10 15:45:57.767  DEBUG [main] c.y.PropertyResolverTest - p: 123
2023-11-10 15:47:43.903  INFO  [main] c.y.testUtils - load config: application.yml
2023-11-10 15:47:43.912  DEBUG [main] c.y.PropertyResolverTest - p: 123
2023-11-10 15:48:28.128  INFO  [main] c.y.testUtils - load config: application.yml
2023-11-10 15:48:28.136  DEBUG [main] c.y.i.PropertyResolver - proExpr: null
2023-11-10 15:48:28.137  DEBUG [main] c.y.PropertyResolverTest - p: 123
2023-11-10 15:48:56.612  INFO  [main] c.y.testUtils - load config: application.yml
2023-11-10 15:48:56.620  DEBUG [main] c.y.i.PropertyResolver - key: ${winter.aaa.bbb:123}
2023-11-10 15:48:56.621  DEBUG [main] c.y.i.PropertyResolver - key: 123
2023-11-10 15:48:56.621  DEBUG [main] c.y.PropertyResolverTest - p: 123
2023-11-10 15:49:18.481  INFO  [main] c.y.testUtils - load config: application.yml
2023-11-10 15:49:18.490  DEBUG [main] c.y.i.PropertyResolver - key: ${winter.aaa.bbb:123}
2023-11-10 15:49:18.491  DEBUG [main] c.y.PropertyResolverTest - p: 123
2023-11-10 15:50:31.450  INFO  [main] c.y.testUtils - load config: application.yml
2023-11-10 15:50:31.460  DEBUG [main] c.y.i.PropertyResolver - proExpr: null, dv: 123
2023-11-10 15:50:31.460  DEBUG [main] c.y.PropertyResolverTest - p: 123
2023-11-10 15:52:02.883  INFO  [main] c.y.testUtils - load config: application.yml
2023-11-10 15:52:02.892  DEBUG [main] c.y.i.PropertyResolver - k: winter.aaa.bbb, dv: 123
2023-11-10 15:52:02.892  DEBUG [main] c.y.i.PropertyResolver - proExpr: null, dv: 123
2023-11-10 15:52:02.893  DEBUG [main] c.y.PropertyResolverTest - p: 123
2023-11-10 15:56:07.577  INFO  [main] c.y.testUtils - load config: application.yml
2023-11-10 15:56:07.585  DEBUG [main] c.y.i.PropertyResolver - k: winter.aaa.bbb, dv: 123
2023-11-10 15:56:07.585  DEBUG [main] c.y.i.PropertyResolver - propExpr: PropertyExpr[key=winter.aaa.bbb, defaultValue=123]
2023-11-10 15:56:07.595  DEBUG [main] c.y.i.PropertyResolver - proExpr: null, dv: 123
2023-11-10 15:56:07.595  DEBUG [main] c.y.PropertyResolverTest - p: 123
2023-11-10 16:03:45.004  INFO  [main] c.y.testUtils - load config: application.yml
2023-11-10 16:03:45.012  DEBUG [main] c.y.i.PropertyResolver - k: winter.aaa.bbb, dv: 123
2023-11-10 16:03:45.013  DEBUG [main] c.y.i.PropertyResolver - propExpr: PropertyExpr[key=winter.aaa.bbb, defaultValue=123]
2023-11-10 16:03:45.022  DEBUG [main] c.y.i.PropertyResolver - propExpr: null
2023-11-10 16:03:45.022  DEBUG [main] c.y.PropertyResolverTest - p: null
2023-11-10 16:05:06.179  INFO  [main] c.y.testUtils - load config: application.yml
2023-11-10 16:05:06.187  DEBUG [main] c.y.i.PropertyResolver - k: winter.aaa.bbb, dv: 123
2023-11-10 16:05:06.188  DEBUG [main] c.y.i.PropertyResolver - propExpr: PropertyExpr[key=winter.aaa.bbb, defaultValue=123]
2023-11-10 16:05:06.198  DEBUG [main] c.y.i.PropertyResolver - proExpr: null, dv: 123
2023-11-10 16:05:06.198  DEBUG [main] c.y.PropertyResolverTest - p: 123
2023-11-10 16:12:31.199  INFO  [main] c.y.testUtils - load config: application.yml
2023-11-10 16:12:31.208  DEBUG [main] c.y.i.PropertyResolver - k: winter.aaa.bbb, dv: 123
2023-11-10 16:12:31.209  DEBUG [main] c.y.i.PropertyResolver - propExpr: PropertyExpr[key=winter.aaa.bbb, defaultValue=123]
2023-11-10 16:12:31.219  DEBUG [main] c.y.PropertyResolverTest - p: null
2023-11-10 16:13:02.664  INFO  [main] c.y.testUtils - load config: application.yml
2023-11-10 16:13:02.674  DEBUG [main] c.y.i.PropertyResolver - k: winter.aaa.bbb, dv: 123
2023-11-10 16:13:02.675  DEBUG [main] c.y.i.PropertyResolver - propExpr: PropertyExpr[key=winter.aaa.bbb, defaultValue=123]
2023-11-10 16:13:02.685  DEBUG [main] c.y.i.PropertyResolver - res: 456
2023-11-10 16:13:02.686  DEBUG [main] c.y.PropertyResolverTest - p: null
2023-11-10 16:13:16.942  INFO  [main] c.y.testUtils - load config: application.yml
2023-11-10 16:13:16.950  DEBUG [main] c.y.i.PropertyResolver - k: winter.aaa.bbb, dv: 123
2023-11-10 16:13:16.951  DEBUG [main] c.y.i.PropertyResolver - propExpr: PropertyExpr[key=winter.aaa.bbb, defaultValue=123]
2023-11-10 16:13:16.961  DEBUG [main] c.y.i.PropertyResolver - res: 456
2023-11-10 16:13:16.961  DEBUG [main] c.y.PropertyResolverTest - p: 456
2023-11-10 16:41:42.374  INFO  [main] c.y.testUtils - load config: application.yml
2023-11-10 16:41:42.383  DEBUG [main] c.y.i.PropertyResolver - k: winter.webmvc.resource-path, dv: static/
2023-11-10 16:41:42.384  DEBUG [main] c.y.i.PropertyResolver - proExpr: null, dv: static/
2023-11-10 16:41:42.384  DEBUG [main] c.y.PropertyResolverTest - p: static/
2023-11-10 16:44:42.084  INFO  [main] c.y.testUtils - load config: application.yml
2023-11-10 16:44:42.093  DEBUG [main] c.y.i.PropertyResolver - k: winter.webmvc.resource-path, dv: static/
2023-11-10 16:44:42.094  DEBUG [main] c.y.i.PropertyResolver - proExpr: null, dv: static/
2023-11-10 16:44:42.094  DEBUG [main] c.y.PropertyResolverTest - p: static/
