2023-11-05 19:41:44.376  INFO  [main] c.y.ClasspathUtilsTest - v: John, class: class java.lang.String
2023-11-05 19:41:44.378  INFO  [main] c.y.ClasspathUtilsTest - v: Doe, class: class java.lang.String
2023-11-05 19:41:44.378  INFO  [main] c.y.ClasspathUtilsTest - v: 31, class: class java.lang.Integer
2023-11-05 19:41:44.378  INFO  [main] c.y.ClasspathUtilsTest - v: [{type=mobile, number=123456789}, {type=landline, number=456786868}], class: class java.util.ArrayList
2023-11-05 19:41:44.379  INFO  [main] c.y.ClasspathUtilsTest - v: {line=Xyz, DEF Street, city=City Y, state=State Y, zip=345657}, class: class java.util.LinkedHashMap
2023-11-05 19:43:01.452  INFO  [main] c.y.ClasspathUtilsTest - v: John, class: class java.lang.String
2023-11-05 19:43:01.466  INFO  [main] c.y.ClasspathUtilsTest - v: Doe, class: class java.lang.String
2023-11-05 19:43:01.466  INFO  [main] c.y.ClasspathUtilsTest - v: 31.2, class: class java.lang.Double
2023-11-05 19:43:01.467  INFO  [main] c.y.ClasspathUtilsTest - v: [{type=mobile, number=123456789}, {type=landline, number=456786868}], class: class java.util.ArrayList
2023-11-05 19:43:01.467  INFO  [main] c.y.ClasspathUtilsTest - v: {line=Xyz, DEF Street, city=City Y, state=State Y, zip=345657}, class: class java.util.LinkedHashMap
2023-11-05 19:43:27.739  INFO  [main] c.y.ClasspathUtilsTest - v: John, class: class java.lang.String
2023-11-05 19:43:27.742  INFO  [main] c.y.ClasspathUtilsTest - v: Doe, class: class java.lang.String
2023-11-05 19:43:27.742  INFO  [main] c.y.ClasspathUtilsTest - v: 31.2, class: class java.lang.Double
2023-11-05 19:43:27.743  INFO  [main] c.y.ClasspathUtilsTest - v: [{type=mobile, number=123456789}, {type=landline, number=456786868}], class: class java.util.ArrayList
2023-11-05 19:43:27.743  INFO  [main] c.y.ClasspathUtilsTest - v: {line=Xyz, DEF Street, city=City Y, state=State Y, zip=345657, aaa=[{b=123}, {c=456}]}, class: class java.util.LinkedHashMap
2023-11-05 19:45:40.834  INFO  [main] c.y.ClasspathUtilsTest - v: false, class: {}
2023-11-05 19:45:40.837  INFO  [main] c.y.ClasspathUtilsTest - v: false, class: {}
2023-11-05 19:45:40.838  INFO  [main] c.y.ClasspathUtilsTest - v: false, class: {}
2023-11-05 19:45:40.838  INFO  [main] c.y.ClasspathUtilsTest - v: false, class: {}
2023-11-05 19:45:40.838  INFO  [main] c.y.ClasspathUtilsTest - v: true, class: {}
2023-11-05 19:45:56.019  INFO  [main] c.y.ClasspathUtilsTest - v: false, class: {}
2023-11-05 19:45:56.021  INFO  [main] c.y.ClasspathUtilsTest - v: false, class: {}
2023-11-05 19:45:56.021  INFO  [main] c.y.ClasspathUtilsTest - v: false, class: {}
2023-11-05 19:45:56.021  INFO  [main] c.y.ClasspathUtilsTest - v: false, class: {}
2023-11-05 19:45:56.022  INFO  [main] c.y.ClasspathUtilsTest - v: true, class: {}
2023-11-05 19:56:05.667  INFO  [main] c.y.ClasspathUtilsTest - key: firstName, value: John
2023-11-05 19:56:05.670  INFO  [main] c.y.ClasspathUtilsTest - key: lastName, value: Doe
2023-11-05 19:56:05.670  INFO  [main] c.y.ClasspathUtilsTest - key: age, value: 31.2
2023-11-05 19:56:05.671  INFO  [main] c.y.ClasspathUtilsTest - key: contactDetails, value: [{type=mobile, number=123456789}, {type=landline, number=456786868}]
2023-11-05 19:56:05.671  INFO  [main] c.y.ClasspathUtilsTest - key: homeAddress, value: {line=Xyz, DEF Street, city=City Y, state=State Y, zip=345657, aaa=[{b=123}, {c=456}]}
2023-11-05 20:20:38.707  INFO  [main] c.y.ClasspathUtilsTest - key: firstName, value: John
2023-11-05 20:20:38.709  INFO  [main] c.y.ClasspathUtilsTest - key: lastName, value: Doe
2023-11-05 20:20:38.709  INFO  [main] c.y.ClasspathUtilsTest - key: homeAddress.city, value: City Y
2023-11-05 20:20:38.709  INFO  [main] c.y.ClasspathUtilsTest - key: homeAddress.line, value: Xyz, DEF Street
2023-11-05 20:20:38.710  INFO  [main] c.y.ClasspathUtilsTest - key: homeAddress.state, value: State Y
2023-11-05 20:20:38.710  INFO  [main] c.y.ClasspathUtilsTest - key: homeAddress.zip, value: 345657
2023-11-05 20:20:38.710  INFO  [main] c.y.ClasspathUtilsTest - key: homeAddress.aaa, value: [{b=123}, {c=456}]
2023-11-05 20:20:38.710  INFO  [main] c.y.ClasspathUtilsTest - key: contactDetails, value: [{type=mobile, number=123456789}, {type=landline, number=456786868}]
2023-11-05 20:20:38.710  INFO  [main] c.y.ClasspathUtilsTest - key: age, value: 31.2
2023-11-05 20:23:53.822  INFO  [main] c.y.ClasspathUtilsTest - key: firstName, value: John
2023-11-05 20:23:53.825  INFO  [main] c.y.ClasspathUtilsTest - key: lastName, value: Doe
2023-11-05 20:23:53.825  INFO  [main] c.y.ClasspathUtilsTest - key: homeAddress.city, value: City Y
2023-11-05 20:23:53.825  INFO  [main] c.y.ClasspathUtilsTest - key: homeAddress.line, value: Xyz, DEF Street
2023-11-05 20:23:53.825  INFO  [main] c.y.ClasspathUtilsTest - key: homeAddress.state, value: State Y
2023-11-05 20:23:53.825  INFO  [main] c.y.ClasspathUtilsTest - key: homeAddress.zip, value: 345657
2023-11-05 20:23:53.825  INFO  [main] c.y.ClasspathUtilsTest - key: homeAddress.aaa, value: [{b=123}, {c=456, d=null}]
2023-11-05 20:23:53.825  INFO  [main] c.y.ClasspathUtilsTest - key: contactDetails, value: [{type=mobile, number=123456789}, {type=landline, number=456786868}]
2023-11-05 20:23:53.825  INFO  [main] c.y.ClasspathUtilsTest - key: age, value: 31.2
2023-11-05 20:26:06.678  INFO  [main] c.y.ClasspathUtilsTest - key: other.deep.deep.level, value: level-4
2023-11-05 20:26:06.681  INFO  [main] c.y.ClasspathUtilsTest - key: convert.double, value: 1.2345678987654321E8
2023-11-05 20:26:06.682  INFO  [main] c.y.ClasspathUtilsTest - key: convert.localdatetime, value: Thu Mar 30 04:45:01 CST 2023
2023-11-05 20:26:06.682  INFO  [main] c.y.ClasspathUtilsTest - key: convert.zoneid, value: Asia/Shanghai
2023-11-05 20:26:06.682  INFO  [main] c.y.ClasspathUtilsTest - key: other.list, value: [Apple, Orange, Pear]
2023-11-05 20:26:06.682  INFO  [main] c.y.ClasspathUtilsTest - key: convert.integer, value: 1234567
2023-11-05 20:26:06.682  INFO  [main] c.y.ClasspathUtilsTest - key: other.bool-data, value: true
2023-11-05 20:26:06.682  INFO  [main] c.y.ClasspathUtilsTest - key: other.hex-data, value: 1715004
2023-11-05 20:26:06.682  INFO  [main] c.y.ClasspathUtilsTest - key: convert.long, value: 123456789000
2023-11-05 20:26:06.682  INFO  [main] c.y.ClasspathUtilsTest - key: convert.float, value: 12345.6789
2023-11-05 20:26:06.682  INFO  [main] c.y.ClasspathUtilsTest - key: convert.localdate, value: Wed Mar 29 08:00:00 CST 2023
2023-11-05 20:26:06.682  INFO  [main] c.y.ClasspathUtilsTest - key: convert.zoneddatetime, value: 2023-03-29T20:45:01+08:00[Asia/Shanghai]
2023-11-05 20:26:06.682  INFO  [main] c.y.ClasspathUtilsTest - key: convert.boolean, value: true
2023-11-05 20:26:06.682  INFO  [main] c.y.ClasspathUtilsTest - key: summer.datasource.password, value: null
2023-11-05 20:26:06.682  INFO  [main] c.y.ClasspathUtilsTest - key: convert.byte, value: 123
2023-11-05 20:26:06.683  INFO  [main] c.y.ClasspathUtilsTest - key: convert.duration, value: P2DT3H4M
2023-11-05 20:26:06.683  INFO  [main] c.y.ClasspathUtilsTest - key: other.address, value: 123 Walkman Dr.
Suite No.456

2023-11-05 20:26:06.683  INFO  [main] c.y.ClasspathUtilsTest - key: app.version, value: 1.0.0
2023-11-05 20:26:06.683  INFO  [main] c.y.ClasspathUtilsTest - key: convert.short, value: 12345
2023-11-05 20:26:06.683  INFO  [main] c.y.ClasspathUtilsTest - key: app.title, value: Summer Framework
2023-11-05 20:26:06.683  INFO  [main] c.y.ClasspathUtilsTest - key: summer.datasource.auto-commit, value: ${AUTO_COMMIT:false}
2023-11-05 20:26:06.683  INFO  [main] c.y.ClasspathUtilsTest - key: other.int-data, value: 12345
2023-11-05 20:26:06.683  INFO  [main] c.y.ClasspathUtilsTest - key: convert.localtime, value: 74701
2023-11-05 20:26:06.683  INFO  [main] c.y.ClasspathUtilsTest - key: other.hex-string, value: 0x1a2b3c
2023-11-05 20:26:06.683  INFO  [main] c.y.ClasspathUtilsTest - key: summer.datasource.username, value: sa
2023-11-05 20:26:06.683  INFO  [main] c.y.ClasspathUtilsTest - key: summer.datasource.url, value: jdbc:hsqldb:file:testdb.tmp
2023-11-05 21:21:00.686  INFO  [main] c.y.ClasspathUtilsTest - key: other.deep.deep.level, value: level-4
2023-11-05 21:21:00.689  INFO  [main] c.y.ClasspathUtilsTest - key: convert.double, value: 1.2345678987654321E8
2023-11-05 21:21:00.689  INFO  [main] c.y.ClasspathUtilsTest - key: convert.localdatetime, value: Thu Mar 30 04:45:01 CST 2023
2023-11-05 21:21:00.689  INFO  [main] c.y.ClasspathUtilsTest - key: convert.zoneid, value: Asia/Shanghai
2023-11-05 21:21:00.689  INFO  [main] c.y.ClasspathUtilsTest - key: other.list, value: [Apple, Orange, Pear]
2023-11-05 21:21:00.689  INFO  [main] c.y.ClasspathUtilsTest - key: convert.integer, value: 1234567
2023-11-05 21:21:00.689  INFO  [main] c.y.ClasspathUtilsTest - key: other.bool-data, value: true
2023-11-05 21:21:00.690  INFO  [main] c.y.ClasspathUtilsTest - key: other.hex-data, value: 1715004
2023-11-05 21:21:00.690  INFO  [main] c.y.ClasspathUtilsTest - key: convert.long, value: 123456789000
2023-11-05 21:21:00.690  INFO  [main] c.y.ClasspathUtilsTest - key: convert.float, value: 12345.6789
2023-11-05 21:21:00.690  INFO  [main] c.y.ClasspathUtilsTest - key: convert.localdate, value: Wed Mar 29 08:00:00 CST 2023
2023-11-05 21:21:00.690  INFO  [main] c.y.ClasspathUtilsTest - key: convert.zoneddatetime, value: 2023-03-29T20:45:01+08:00[Asia/Shanghai]
2023-11-05 21:21:00.690  INFO  [main] c.y.ClasspathUtilsTest - key: convert.boolean, value: true
2023-11-05 21:21:00.690  INFO  [main] c.y.ClasspathUtilsTest - key: summer.datasource.password, value: null
2023-11-05 21:21:00.690  INFO  [main] c.y.ClasspathUtilsTest - key: convert.byte, value: 123
2023-11-05 21:21:00.690  INFO  [main] c.y.ClasspathUtilsTest - key: convert.duration, value: P2DT3H4M
2023-11-05 21:21:00.690  INFO  [main] c.y.ClasspathUtilsTest - key: other.address, value: 123 Walkman Dr.
Suite No.456

2023-11-05 21:21:00.690  INFO  [main] c.y.ClasspathUtilsTest - key: app.version, value: 1.0.0
2023-11-05 21:21:00.690  INFO  [main] c.y.ClasspathUtilsTest - key: convert.short, value: 12345
2023-11-05 21:21:00.691  INFO  [main] c.y.ClasspathUtilsTest - key: app.title, value: Summer Framework
2023-11-05 21:21:00.691  INFO  [main] c.y.ClasspathUtilsTest - key: summer.datasource.auto-commit, value: ${AUTO_COMMIT:false}
2023-11-05 21:21:00.691  INFO  [main] c.y.ClasspathUtilsTest - key: other.int-data, value: 12345
2023-11-05 21:21:00.691  INFO  [main] c.y.ClasspathUtilsTest - key: convert.localtime, value: 74701
2023-11-05 21:21:00.691  INFO  [main] c.y.ClasspathUtilsTest - key: other.hex-string, value: 0x1a2b3c
2023-11-05 21:21:00.691  INFO  [main] c.y.ClasspathUtilsTest - key: summer.datasource.username, value: sa
2023-11-05 21:21:00.691  INFO  [main] c.y.ClasspathUtilsTest - key: summer.datasource.url, value: jdbc:hsqldb:file:testdb.tmp
2023-11-05 21:37:23.111  INFO  [main] c.y.ClasspathUtilsTest - key: other.deep.deep.level, value: level-4
2023-11-05 21:37:23.114  INFO  [main] c.y.ClasspathUtilsTest - key: convert.double, value: 1.2345678987654321E8
2023-11-05 21:37:23.114  INFO  [main] c.y.ClasspathUtilsTest - key: convert.localdatetime, value: Thu Mar 30 04:45:01 CST 2023
2023-11-05 21:37:23.115  INFO  [main] c.y.ClasspathUtilsTest - key: convert.zoneid, value: Asia/Shanghai
2023-11-05 21:37:23.115  INFO  [main] c.y.ClasspathUtilsTest - key: other.list, value: [Apple, Orange, Pear]
2023-11-05 21:37:23.115  INFO  [main] c.y.ClasspathUtilsTest - key: convert.integer, value: 1234567
2023-11-05 21:37:23.115  INFO  [main] c.y.ClasspathUtilsTest - key: other.bool-data, value: true
2023-11-05 21:37:23.115  INFO  [main] c.y.ClasspathUtilsTest - key: other.hex-data, value: 1715004
2023-11-05 21:37:23.115  INFO  [main] c.y.ClasspathUtilsTest - key: convert.long, value: 123456789000
2023-11-05 21:37:23.115  INFO  [main] c.y.ClasspathUtilsTest - key: convert.float, value: 12345.6789
2023-11-05 21:37:23.115  INFO  [main] c.y.ClasspathUtilsTest - key: convert.localdate, value: Wed Mar 29 08:00:00 CST 2023
2023-11-05 21:37:23.115  INFO  [main] c.y.ClasspathUtilsTest - key: convert.zoneddatetime, value: 2023-03-29T20:45:01+08:00[Asia/Shanghai]
2023-11-05 21:37:23.115  INFO  [main] c.y.ClasspathUtilsTest - key: convert.boolean, value: true
2023-11-05 21:37:23.115  INFO  [main] c.y.ClasspathUtilsTest - key: summer.datasource.password, value: null
2023-11-05 21:37:23.116  INFO  [main] c.y.ClasspathUtilsTest - key: convert.byte, value: 123
2023-11-05 21:37:23.116  INFO  [main] c.y.ClasspathUtilsTest - key: convert.duration, value: P2DT3H4M
2023-11-05 21:37:23.116  INFO  [main] c.y.ClasspathUtilsTest - key: other.address, value: 123 Walkman Dr.
Suite No.456

2023-11-05 21:37:23.116  INFO  [main] c.y.ClasspathUtilsTest - key: app.version, value: 1.0.0
2023-11-05 21:37:23.116  INFO  [main] c.y.ClasspathUtilsTest - key: convert.short, value: 12345
2023-11-05 21:37:23.116  INFO  [main] c.y.ClasspathUtilsTest - key: app.title, value: Summer Framework
2023-11-05 21:37:23.116  INFO  [main] c.y.ClasspathUtilsTest - key: summer.datasource.auto-commit, value: ${AUTO_COMMIT:false}
2023-11-05 21:37:23.116  INFO  [main] c.y.ClasspathUtilsTest - key: other.int-data, value: 12345
2023-11-05 21:37:23.116  INFO  [main] c.y.ClasspathUtilsTest - key: convert.localtime, value: 74701
2023-11-05 21:37:23.116  INFO  [main] c.y.ClasspathUtilsTest - key: other.hex-string, value: 0x1a2b3c
2023-11-05 21:37:23.116  INFO  [main] c.y.ClasspathUtilsTest - key: summer.datasource.username, value: sa
2023-11-05 21:37:23.117  INFO  [main] c.y.ClasspathUtilsTest - key: summer.datasource.url, value: jdbc:hsqldb:file:testdb.tmp
2023-11-05 21:37:36.737  INFO  [main] c.y.ClasspathUtilsTest - key: other.deep.deep.level, value: level-4
2023-11-05 21:37:36.740  INFO  [main] c.y.ClasspathUtilsTest - key: convert.double, value: 1.2345678987654321E8
2023-11-05 21:37:36.740  INFO  [main] c.y.ClasspathUtilsTest - key: convert.localdatetime, value: Thu Mar 30 04:45:01 CST 2023
2023-11-05 21:37:36.740  INFO  [main] c.y.ClasspathUtilsTest - key: convert.zoneid, value: Asia/Shanghai
2023-11-05 21:37:36.740  INFO  [main] c.y.ClasspathUtilsTest - key: other.list, value: [Apple, Orange, Pear]
2023-11-05 21:37:36.740  INFO  [main] c.y.ClasspathUtilsTest - key: convert.integer, value: 1234567
2023-11-05 21:37:36.740  INFO  [main] c.y.ClasspathUtilsTest - key: other.bool-data, value: true
2023-11-05 21:37:36.740  INFO  [main] c.y.ClasspathUtilsTest - key: other.hex-data, value: 1715004
2023-11-05 21:37:36.740  INFO  [main] c.y.ClasspathUtilsTest - key: convert.long, value: 123456789000
2023-11-05 21:37:36.740  INFO  [main] c.y.ClasspathUtilsTest - key: convert.float, value: 12345.6789
2023-11-05 21:37:36.741  INFO  [main] c.y.ClasspathUtilsTest - key: convert.localdate, value: Wed Mar 29 08:00:00 CST 2023
2023-11-05 21:37:36.741  INFO  [main] c.y.ClasspathUtilsTest - key: convert.zoneddatetime, value: 2023-03-29T20:45:01+08:00[Asia/Shanghai]
2023-11-05 21:37:36.741  INFO  [main] c.y.ClasspathUtilsTest - key: convert.boolean, value: true
2023-11-05 21:37:36.741  INFO  [main] c.y.ClasspathUtilsTest - key: summer.datasource.password, value: null
2023-11-05 21:37:36.741  INFO  [main] c.y.ClasspathUtilsTest - key: convert.byte, value: 123
2023-11-05 21:37:36.741  INFO  [main] c.y.ClasspathUtilsTest - key: convert.duration, value: P2DT3H4M
2023-11-05 21:37:36.741  INFO  [main] c.y.ClasspathUtilsTest - key: other.address, value: 123 Walkman Dr.
Suite No.456

2023-11-05 21:37:36.741  INFO  [main] c.y.ClasspathUtilsTest - key: app.version, value: 1.0.0
2023-11-05 21:37:36.741  INFO  [main] c.y.ClasspathUtilsTest - key: convert.short, value: 12345
2023-11-05 21:37:36.741  INFO  [main] c.y.ClasspathUtilsTest - key: app.title, value: Summer Framework
2023-11-05 21:37:36.742  INFO  [main] c.y.ClasspathUtilsTest - key: summer.datasource.auto-commit, value: ${AUTO_COMMIT:false}
2023-11-05 21:37:36.742  INFO  [main] c.y.ClasspathUtilsTest - key: other.int-data, value: 12345
2023-11-05 21:37:36.742  INFO  [main] c.y.ClasspathUtilsTest - key: convert.localtime, value: 74701
2023-11-05 21:37:36.742  INFO  [main] c.y.ClasspathUtilsTest - key: other.hex-string, value: 0x1a2b3c
2023-11-05 21:37:36.742  INFO  [main] c.y.ClasspathUtilsTest - key: summer.datasource.username, value: sa
2023-11-05 21:37:36.742  INFO  [main] c.y.ClasspathUtilsTest - key: summer.datasource.url, value: jdbc:hsqldb:file:testdb.tmp
2023-11-07 16:05:04.517  INFO  [main] c.y.ClasspathUtilsTest - key: other.deep.deep.level, value: level-4
2023-11-07 16:05:04.520  INFO  [main] c.y.ClasspathUtilsTest - key: convert.double, value: 1.2345678987654321E8
2023-11-07 16:05:04.520  INFO  [main] c.y.ClasspathUtilsTest - key: convert.localdatetime, value: Thu Mar 30 04:45:01 CST 2023
2023-11-07 16:05:04.520  INFO  [main] c.y.ClasspathUtilsTest - key: convert.zoneid, value: Asia/Shanghai
2023-11-07 16:05:04.521  INFO  [main] c.y.ClasspathUtilsTest - key: other.list, value: [Apple, Orange, Pear]
2023-11-07 16:05:04.521  INFO  [main] c.y.ClasspathUtilsTest - key: convert.integer, value: 1234567
2023-11-07 16:05:04.521  INFO  [main] c.y.ClasspathUtilsTest - key: other.bool-data, value: true
2023-11-07 16:05:04.521  INFO  [main] c.y.ClasspathUtilsTest - key: other.hex-data, value: 1715004
2023-11-07 16:05:04.521  INFO  [main] c.y.ClasspathUtilsTest - key: convert.long, value: 123456789000
2023-11-07 16:05:04.521  INFO  [main] c.y.ClasspathUtilsTest - key: convert.float, value: 12345.6789
2023-11-07 16:05:04.522  INFO  [main] c.y.ClasspathUtilsTest - key: convert.localdate, value: Wed Mar 29 08:00:00 CST 2023
2023-11-07 16:05:04.522  INFO  [main] c.y.ClasspathUtilsTest - key: convert.zoneddatetime, value: 2023-03-29T20:45:01+08:00[Asia/Shanghai]
2023-11-07 16:05:04.522  INFO  [main] c.y.ClasspathUtilsTest - key: convert.boolean, value: true
2023-11-07 16:05:04.522  INFO  [main] c.y.ClasspathUtilsTest - key: summer.datasource.password, value: null
2023-11-07 16:05:04.522  INFO  [main] c.y.ClasspathUtilsTest - key: convert.byte, value: 123
2023-11-07 16:05:04.522  INFO  [main] c.y.ClasspathUtilsTest - key: convert.duration, value: P2DT3H4M
2023-11-07 16:05:04.522  INFO  [main] c.y.ClasspathUtilsTest - key: other.address, value: 123 Walkman Dr.
Suite No.456

2023-11-07 16:05:04.522  INFO  [main] c.y.ClasspathUtilsTest - key: app.version, value: 1.0.0
2023-11-07 16:05:04.523  INFO  [main] c.y.ClasspathUtilsTest - key: convert.short, value: 12345
2023-11-07 16:05:04.523  INFO  [main] c.y.ClasspathUtilsTest - key: app.title, value: Summer Framework
2023-11-07 16:05:04.523  INFO  [main] c.y.ClasspathUtilsTest - key: summer.datasource.auto-commit, value: ${AUTO_COMMIT:false}
2023-11-07 16:05:04.523  INFO  [main] c.y.ClasspathUtilsTest - key: other.int-data, value: 12345
2023-11-07 16:05:04.523  INFO  [main] c.y.ClasspathUtilsTest - key: convert.localtime, value: 74701
2023-11-07 16:05:04.523  INFO  [main] c.y.ClasspathUtilsTest - key: other.hex-string, value: 0x1a2b3c
2023-11-07 16:05:04.524  INFO  [main] c.y.ClasspathUtilsTest - key: summer.datasource.username, value: sa
2023-11-07 16:05:04.524  INFO  [main] c.y.ClasspathUtilsTest - key: summer.datasource.url, value: jdbc:hsqldb:file:testdb.tmp
2023-11-07 16:06:37.629  INFO  [main] c.y.ClasspathUtilsTest - key: other.deep.deep.level, value: level-4
2023-11-07 16:06:37.633  INFO  [main] c.y.ClasspathUtilsTest - key: convert.double, value: 1.2345678987654321E8
2023-11-07 16:06:37.633  INFO  [main] c.y.ClasspathUtilsTest - key: convert.localdatetime, value: Thu Mar 30 04:45:01 CST 2023
2023-11-07 16:06:37.633  INFO  [main] c.y.ClasspathUtilsTest - key: convert.zoneid, value: Asia/Shanghai
2023-11-07 16:06:37.633  INFO  [main] c.y.ClasspathUtilsTest - key: other.list, value: [Apple, Orange, Pear]
2023-11-07 16:06:37.633  INFO  [main] c.y.ClasspathUtilsTest - key: convert.integer, value: 1234567
2023-11-07 16:06:37.633  INFO  [main] c.y.ClasspathUtilsTest - key: other.bool-data, value: true
2023-11-07 16:06:37.633  INFO  [main] c.y.ClasspathUtilsTest - key: other.hex-data, value: 1715004
2023-11-07 16:06:37.633  INFO  [main] c.y.ClasspathUtilsTest - key: convert.long, value: 123456789000
2023-11-07 16:06:37.634  INFO  [main] c.y.ClasspathUtilsTest - key: convert.float, value: 12345.6789
2023-11-07 16:06:37.634  INFO  [main] c.y.ClasspathUtilsTest - key: convert.localdate, value: Wed Mar 29 08:00:00 CST 2023
2023-11-07 16:06:37.634  INFO  [main] c.y.ClasspathUtilsTest - key: convert.zoneddatetime, value: 2023-03-29T20:45:01+08:00[Asia/Shanghai]
2023-11-07 16:06:37.634  INFO  [main] c.y.ClasspathUtilsTest - key: convert.boolean, value: true
2023-11-07 16:06:37.634  INFO  [main] c.y.ClasspathUtilsTest - key: summer.datasource.password, value: null
2023-11-07 16:06:37.634  INFO  [main] c.y.ClasspathUtilsTest - key: convert.byte, value: 123
2023-11-07 16:06:37.634  INFO  [main] c.y.ClasspathUtilsTest - key: convert.duration, value: P2DT3H4M
2023-11-07 16:06:37.635  INFO  [main] c.y.ClasspathUtilsTest - key: other.address, value: 123 Walkman Dr.
Suite No.456

2023-11-07 16:06:37.635  INFO  [main] c.y.ClasspathUtilsTest - key: app.version, value: 1.0.0
2023-11-07 16:06:37.635  INFO  [main] c.y.ClasspathUtilsTest - key: convert.short, value: 12345
2023-11-07 16:06:37.635  INFO  [main] c.y.ClasspathUtilsTest - key: app.title, value: Summer Framework
2023-11-07 16:06:37.635  INFO  [main] c.y.ClasspathUtilsTest - key: summer.datasource.auto-commit, value: ${AUTO_COMMIT:false}
2023-11-07 16:06:37.636  INFO  [main] c.y.ClasspathUtilsTest - key: other.int-data, value: 12345
2023-11-07 16:06:37.636  INFO  [main] c.y.ClasspathUtilsTest - key: convert.localtime, value: 74701
2023-11-07 16:06:37.636  INFO  [main] c.y.ClasspathUtilsTest - key: other.hex-string, value: 0x1a2b3c
2023-11-07 16:06:37.636  INFO  [main] c.y.ClasspathUtilsTest - key: summer.datasource.username, value: sa
2023-11-07 16:06:37.636  INFO  [main] c.y.ClasspathUtilsTest - key: summer.datasource.url, value: jdbc:hsqldb:file:testdb.tmp
2023-11-07 16:07:10.384  INFO  [main] c.y.ClasspathUtilsTest - key: other.deep.deep.level, value: level-4
2023-11-07 16:07:10.387  INFO  [main] c.y.ClasspathUtilsTest - key: convert.double, value: 1.2345678987654321E8
2023-11-07 16:07:10.387  INFO  [main] c.y.ClasspathUtilsTest - key: convert.localdatetime, value: Thu Mar 30 04:45:01 CST 2023
2023-11-07 16:07:10.387  INFO  [main] c.y.ClasspathUtilsTest - key: convert.zoneid, value: Asia/Shanghai
2023-11-07 16:07:10.387  INFO  [main] c.y.ClasspathUtilsTest - key: other.list, value: [Apple, Orange, Pear]
2023-11-07 16:07:10.388  INFO  [main] c.y.ClasspathUtilsTest - key: convert.integer, value: 1234567
2023-11-07 16:07:10.388  INFO  [main] c.y.ClasspathUtilsTest - key: other.bool-data, value: true
2023-11-07 16:07:10.388  INFO  [main] c.y.ClasspathUtilsTest - key: other.hex-data, value: 1715004
2023-11-07 16:07:10.388  INFO  [main] c.y.ClasspathUtilsTest - key: convert.long, value: 123456789000
2023-11-07 16:07:10.388  INFO  [main] c.y.ClasspathUtilsTest - key: convert.float, value: 12345.6789
2023-11-07 16:07:10.388  INFO  [main] c.y.ClasspathUtilsTest - key: convert.localdate, value: Wed Mar 29 08:00:00 CST 2023
2023-11-07 16:07:10.388  INFO  [main] c.y.ClasspathUtilsTest - key: convert.zoneddatetime, value: 2023-03-29T20:45:01+08:00[Asia/Shanghai]
2023-11-07 16:07:10.388  INFO  [main] c.y.ClasspathUtilsTest - key: convert.boolean, value: true
2023-11-07 16:07:10.388  INFO  [main] c.y.ClasspathUtilsTest - key: summer.datasource.password, value: null
2023-11-07 16:07:10.389  INFO  [main] c.y.ClasspathUtilsTest - key: convert.byte, value: 123
2023-11-07 16:07:10.389  INFO  [main] c.y.ClasspathUtilsTest - key: convert.duration, value: P2DT3H4M
2023-11-07 16:07:10.389  INFO  [main] c.y.ClasspathUtilsTest - key: other.address, value: 123 Walkman Dr.
Suite No.456

2023-11-07 16:07:10.389  INFO  [main] c.y.ClasspathUtilsTest - key: app.version, value: 1.0.0
2023-11-07 16:07:10.389  INFO  [main] c.y.ClasspathUtilsTest - key: convert.short, value: 12345
2023-11-07 16:07:10.389  INFO  [main] c.y.ClasspathUtilsTest - key: app.title, value: Summer Framework
2023-11-07 16:07:10.389  INFO  [main] c.y.ClasspathUtilsTest - key: summer.datasource.auto-commit, value: ${AUTO_COMMIT:false}
2023-11-07 16:07:10.390  INFO  [main] c.y.ClasspathUtilsTest - key: other.int-data, value: 12345
2023-11-07 16:07:10.390  INFO  [main] c.y.ClasspathUtilsTest - key: convert.localtime, value: 74701
2023-11-07 16:07:10.390  INFO  [main] c.y.ClasspathUtilsTest - key: other.hex-string, value: 0x1a2b3c
2023-11-07 16:07:10.390  INFO  [main] c.y.ClasspathUtilsTest - key: summer.datasource.username, value: sa
2023-11-07 16:07:10.390  INFO  [main] c.y.ClasspathUtilsTest - key: summer.datasource.url, value: jdbc:hsqldb:file:testdb.tmp
2023-11-07 16:20:57.637  INFO  [main] c.y.u.ClassPathUtils - anno: @com.yelanyanyu.annotation.ComponentScan({}), annotated: class com.bean.Class08
2023-11-07 16:20:57.641  INFO  [main] c.y.u.ClassPathUtils - anno: null, annotated: interface com.yelanyanyu.annotation.ComponentScan
2023-11-07 16:20:57.642  INFO  [main] c.y.u.ClassPathUtils - anno: null, annotated: interface com.yelanyanyu.annotation.Configuration
2023-11-07 16:20:57.642  INFO  [main] c.y.u.ClassPathUtils - anno: @com.yelanyanyu.annotation.ComponentScan({}), annotated: interface com.yelanyanyu.annotation.Component
2023-11-07 16:20:57.642  INFO  [main] c.y.u.ClassPathUtils - anno: null, annotated: interface com.yelanyanyu.annotation.ComponentScan
2023-11-07 16:22:33.314  INFO  [main] c.y.u.ClassPathUtils - anno: @com.yelanyanyu.annotation.ComponentScan({}), annotated: class com.bean.Class08
2023-11-07 16:22:33.318  INFO  [main] c.y.u.ClassPathUtils - anno: null, annotated: interface com.yelanyanyu.annotation.ComponentScan
2023-11-07 16:22:33.319  INFO  [main] c.y.u.ClassPathUtils - anno: null, annotated: interface com.yelanyanyu.annotation.Configuration
2023-11-07 16:22:33.319  INFO  [main] c.y.u.ClassPathUtils - anno: null, annotated: interface com.yelanyanyu.annotation.Component
2023-11-10 14:50:51.067  DEBUG [main] c.y.PropertyResolverTest - prop: null
2023-11-10 14:51:01.242  DEBUG [main] c.y.PropertyResolverTest - prop: 123
2023-11-10 14:51:29.179  DEBUG [main] c.y.PropertyResolverTest - properties: {aaa=, bbb=456, winter=}
2023-11-10 14:51:29.188  DEBUG [main] c.y.PropertyResolverTest - prop: null
2023-11-10 14:56:49.578  INFO  [main] c.y.testUtils - load config: application.yml
2023-11-10 14:57:20.698  INFO  [main] c.y.testUtils - load config: application.yml
2023-11-10 14:57:20.707  DEBUG [main] c.y.i.PropertyResolver - propertyExpr: PropertyExpr[key=winter.aaa.bbb, defaultValue=null]
2023-11-10 14:57:20.718  DEBUG [main] c.y.PropertyResolverTest - p: null
2023-11-10 14:58:32.218  INFO  [main] c.y.testUtils - load config: application.yml
2023-11-10 14:58:32.223  DEBUG [main] c.y.i.PropertyResolver - key: winter.aaa.bbb, value: 456
2023-11-10 14:58:32.228  DEBUG [main] c.y.PropertyResolverTest - p: null
2023-11-10 14:59:25.879  INFO  [main] c.y.testUtils - load config: application.yml
2023-11-10 14:59:25.888  DEBUG [main] c.y.i.PropertyResolver - key: winter.aaa.bbb, value: null
2023-11-10 14:59:25.888  DEBUG [main] c.y.PropertyResolverTest - p: null
2023-11-10 14:59:59.491  INFO  [main] c.y.testUtils - load config: application.yml
2023-11-10 14:59:59.495  DEBUG [main] c.y.i.PropertyResolver - k: winter.aaa.bbb, v: null
2023-11-10 14:59:59.500  DEBUG [main] c.y.i.PropertyResolver - key: winter.aaa.bbb, value: null
2023-11-10 14:59:59.501  DEBUG [main] c.y.PropertyResolverTest - p: null
2023-11-10 15:00:55.377  INFO  [main] c.y.testUtils - load config: application.yml
2023-11-10 15:00:55.381  DEBUG [main] c.y.i.PropertyResolver - k: winter.aaa.bbb, v: null
2023-11-10 15:00:55.381  DEBUG [main] c.y.i.PropertyResolver - props: {winter.aaa.bbb=456}
2023-11-10 15:00:55.385  DEBUG [main] c.y.i.PropertyResolver - key: winter.aaa.bbb, value: null
2023-11-10 15:00:55.386  DEBUG [main] c.y.PropertyResolverTest - p: null
2023-11-10 15:01:28.866  INFO  [main] c.y.testUtils - load config: application.yml
2023-11-10 15:01:28.870  DEBUG [main] c.y.i.PropertyResolver - k: winter.aaa.bbb, v: 456
2023-11-10 15:01:28.871  DEBUG [main] c.y.i.PropertyResolver - props: {winter.aaa.bbb=456}
2023-11-10 15:01:28.875  DEBUG [main] c.y.i.PropertyResolver - key: winter.aaa.bbb, value: null
2023-11-10 15:01:28.875  DEBUG [main] c.y.PropertyResolverTest - p: null
2023-11-10 15:01:52.951  INFO  [main] c.y.testUtils - load config: application.yml
2023-11-10 15:03:50.379  INFO  [main] c.y.testUtils - load config: application.yml
2023-11-10 15:03:50.384  DEBUG [main] c.y.i.PropertyResolver - k: winter.aaa.bbb, v: 456
2023-11-10 15:03:50.384  DEBUG [main] c.y.i.PropertyResolver - props: {winter.aaa.bbb=456}
2023-11-10 15:03:50.388  DEBUG [main] c.y.i.PropertyResolver - key: winter.aaa.bbb, value: 456
2023-11-10 15:03:50.389  DEBUG [main] c.y.PropertyResolverTest - p: 456
2023-11-10 15:45:57.757  INFO  [main] c.y.testUtils - load config: application.yml
2023-11-10 15:45:57.767  DEBUG [main] c.y.PropertyResolverTest - p: 123
2023-11-10 15:47:43.903  INFO  [main] c.y.testUtils - load config: application.yml
2023-11-10 15:47:43.912  DEBUG [main] c.y.PropertyResolverTest - p: 123
2023-11-10 15:48:28.128  INFO  [main] c.y.testUtils - load config: application.yml
2023-11-10 15:48:28.136  DEBUG [main] c.y.i.PropertyResolver - proExpr: null
2023-11-10 15:48:28.137  DEBUG [main] c.y.PropertyResolverTest - p: 123
2023-11-10 15:48:56.612  INFO  [main] c.y.testUtils - load config: application.yml
2023-11-10 15:48:56.620  DEBUG [main] c.y.i.PropertyResolver - key: ${winter.aaa.bbb:123}
2023-11-10 15:48:56.621  DEBUG [main] c.y.i.PropertyResolver - key: 123
2023-11-10 15:48:56.621  DEBUG [main] c.y.PropertyResolverTest - p: 123
2023-11-10 15:49:18.481  INFO  [main] c.y.testUtils - load config: application.yml
2023-11-10 15:49:18.490  DEBUG [main] c.y.i.PropertyResolver - key: ${winter.aaa.bbb:123}
2023-11-10 15:49:18.491  DEBUG [main] c.y.PropertyResolverTest - p: 123
2023-11-10 15:50:31.450  INFO  [main] c.y.testUtils - load config: application.yml
2023-11-10 15:50:31.460  DEBUG [main] c.y.i.PropertyResolver - proExpr: null, dv: 123
2023-11-10 15:50:31.460  DEBUG [main] c.y.PropertyResolverTest - p: 123
2023-11-10 15:52:02.883  INFO  [main] c.y.testUtils - load config: application.yml
2023-11-10 15:52:02.892  DEBUG [main] c.y.i.PropertyResolver - k: winter.aaa.bbb, dv: 123
2023-11-10 15:52:02.892  DEBUG [main] c.y.i.PropertyResolver - proExpr: null, dv: 123
2023-11-10 15:52:02.893  DEBUG [main] c.y.PropertyResolverTest - p: 123
2023-11-10 15:56:07.577  INFO  [main] c.y.testUtils - load config: application.yml
2023-11-10 15:56:07.585  DEBUG [main] c.y.i.PropertyResolver - k: winter.aaa.bbb, dv: 123
2023-11-10 15:56:07.585  DEBUG [main] c.y.i.PropertyResolver - propExpr: PropertyExpr[key=winter.aaa.bbb, defaultValue=123]
2023-11-10 15:56:07.595  DEBUG [main] c.y.i.PropertyResolver - proExpr: null, dv: 123
2023-11-10 15:56:07.595  DEBUG [main] c.y.PropertyResolverTest - p: 123
2023-11-10 16:03:45.004  INFO  [main] c.y.testUtils - load config: application.yml
2023-11-10 16:03:45.012  DEBUG [main] c.y.i.PropertyResolver - k: winter.aaa.bbb, dv: 123
2023-11-10 16:03:45.013  DEBUG [main] c.y.i.PropertyResolver - propExpr: PropertyExpr[key=winter.aaa.bbb, defaultValue=123]
2023-11-10 16:03:45.022  DEBUG [main] c.y.i.PropertyResolver - propExpr: null
2023-11-10 16:03:45.022  DEBUG [main] c.y.PropertyResolverTest - p: null
2023-11-10 16:05:06.179  INFO  [main] c.y.testUtils - load config: application.yml
2023-11-10 16:05:06.187  DEBUG [main] c.y.i.PropertyResolver - k: winter.aaa.bbb, dv: 123
2023-11-10 16:05:06.188  DEBUG [main] c.y.i.PropertyResolver - propExpr: PropertyExpr[key=winter.aaa.bbb, defaultValue=123]
2023-11-10 16:05:06.198  DEBUG [main] c.y.i.PropertyResolver - proExpr: null, dv: 123
2023-11-10 16:05:06.198  DEBUG [main] c.y.PropertyResolverTest - p: 123
2023-11-10 16:12:31.199  INFO  [main] c.y.testUtils - load config: application.yml
2023-11-10 16:12:31.208  DEBUG [main] c.y.i.PropertyResolver - k: winter.aaa.bbb, dv: 123
2023-11-10 16:12:31.209  DEBUG [main] c.y.i.PropertyResolver - propExpr: PropertyExpr[key=winter.aaa.bbb, defaultValue=123]
2023-11-10 16:12:31.219  DEBUG [main] c.y.PropertyResolverTest - p: null
2023-11-10 16:13:02.664  INFO  [main] c.y.testUtils - load config: application.yml
2023-11-10 16:13:02.674  DEBUG [main] c.y.i.PropertyResolver - k: winter.aaa.bbb, dv: 123
2023-11-10 16:13:02.675  DEBUG [main] c.y.i.PropertyResolver - propExpr: PropertyExpr[key=winter.aaa.bbb, defaultValue=123]
2023-11-10 16:13:02.685  DEBUG [main] c.y.i.PropertyResolver - res: 456
2023-11-10 16:13:02.686  DEBUG [main] c.y.PropertyResolverTest - p: null
2023-11-10 16:13:16.942  INFO  [main] c.y.testUtils - load config: application.yml
2023-11-10 16:13:16.950  DEBUG [main] c.y.i.PropertyResolver - k: winter.aaa.bbb, dv: 123
2023-11-10 16:13:16.951  DEBUG [main] c.y.i.PropertyResolver - propExpr: PropertyExpr[key=winter.aaa.bbb, defaultValue=123]
2023-11-10 16:13:16.961  DEBUG [main] c.y.i.PropertyResolver - res: 456
2023-11-10 16:13:16.961  DEBUG [main] c.y.PropertyResolverTest - p: 456
2023-11-10 16:41:42.374  INFO  [main] c.y.testUtils - load config: application.yml
2023-11-10 16:41:42.383  DEBUG [main] c.y.i.PropertyResolver - k: winter.webmvc.resource-path, dv: static/
2023-11-10 16:41:42.384  DEBUG [main] c.y.i.PropertyResolver - proExpr: null, dv: static/
2023-11-10 16:41:42.384  DEBUG [main] c.y.PropertyResolverTest - p: static/
2023-11-10 16:44:42.084  INFO  [main] c.y.testUtils - load config: application.yml
2023-11-10 16:44:42.093  DEBUG [main] c.y.i.PropertyResolver - k: winter.webmvc.resource-path, dv: static/
2023-11-10 16:44:42.094  DEBUG [main] c.y.i.PropertyResolver - proExpr: null, dv: static/
2023-11-10 16:44:42.094  DEBUG [main] c.y.PropertyResolverTest - p: static/
