2023-11-05 21:50:52.916  INFO  [main] c.y.w.u.WebUtils - key: other.deep.deep.level, value: level-4
2023-11-05 21:50:52.918  INFO  [main] c.y.w.u.WebUtils - key: convert.double, value: 1.2345678987654321E8
2023-11-05 21:50:52.918  INFO  [main] c.y.w.u.WebUtils - key: convert.localdatetime, value: Thu Mar 30 04:45:01 CST 2023
2023-11-05 21:50:52.919  INFO  [main] c.y.w.u.WebUtils - key: convert.zoneid, value: Asia/Shanghai
2023-11-05 21:50:52.919  INFO  [main] c.y.w.u.WebUtils - key: other.list, value: [Apple, Orange, Pear]
2023-11-05 21:50:52.919  INFO  [main] c.y.w.u.WebUtils - key: convert.integer, value: 1234567
2023-11-05 21:50:52.919  INFO  [main] c.y.w.u.WebUtils - key: other.bool-data, value: true
2023-11-05 21:50:52.932  INFO  [main] c.y.w.u.WebUtils - key: other.hex-data, value: 1715004
2023-11-05 21:50:52.932  INFO  [main] c.y.w.u.WebUtils - key: convert.long, value: 123456789000
2023-11-05 21:50:52.932  INFO  [main] c.y.w.u.WebUtils - key: convert.float, value: 12345.6789
2023-11-05 21:50:52.932  INFO  [main] c.y.w.u.WebUtils - key: convert.localdate, value: Wed Mar 29 08:00:00 CST 2023
2023-11-05 21:50:52.932  INFO  [main] c.y.w.u.WebUtils - key: convert.zoneddatetime, value: 2023-03-29T20:45:01+08:00[Asia/Shanghai]
2023-11-05 21:50:52.932  INFO  [main] c.y.w.u.WebUtils - key: convert.boolean, value: true
2023-11-05 21:50:52.933  INFO  [main] c.y.w.u.WebUtils - key: summer.datasource.password, value: null
2023-11-05 21:50:52.933  INFO  [main] c.y.w.u.WebUtils - key: convert.byte, value: 123
2023-11-05 21:50:52.933  INFO  [main] c.y.w.u.WebUtils - key: convert.duration, value: P2DT3H4M
2023-11-05 21:50:52.933  INFO  [main] c.y.w.u.WebUtils - key: other.address, value: 123 Walkman Dr.
Suite No.456

2023-11-05 21:50:52.933  INFO  [main] c.y.w.u.WebUtils - key: app.version, value: 1.0.0
2023-11-05 21:50:52.933  INFO  [main] c.y.w.u.WebUtils - key: convert.short, value: 12345
2023-11-05 21:50:52.933  INFO  [main] c.y.w.u.WebUtils - key: app.title, value: Summer Framework
2023-11-05 21:50:52.933  INFO  [main] c.y.w.u.WebUtils - key: summer.datasource.auto-commit, value: ${AUTO_COMMIT:false}
2023-11-05 21:50:52.933  INFO  [main] c.y.w.u.WebUtils - key: other.int-data, value: 12345
2023-11-05 21:50:52.933  INFO  [main] c.y.w.u.WebUtils - key: convert.localtime, value: 74701
2023-11-05 21:50:52.933  INFO  [main] c.y.w.u.WebUtils - key: other.hex-string, value: 0x1a2b3c
2023-11-05 21:50:52.933  INFO  [main] c.y.w.u.WebUtils - key: summer.datasource.username, value: sa
2023-11-05 21:50:52.934  INFO  [main] c.y.w.u.WebUtils - key: summer.datasource.url, value: jdbc:hsqldb:file:testdb.tmp
2023-11-05 21:51:30.018  INFO  [main] c.y.w.u.WebUtils - key: other.deep.deep.level, value: level-4
2023-11-05 21:51:30.020  INFO  [main] c.y.w.u.WebUtils - key: convert.double, value: 1.2345678987654321E8
2023-11-05 21:51:30.020  INFO  [main] c.y.w.u.WebUtils - key: convert.localdatetime, value: Thu Mar 30 04:45:01 CST 2023
2023-11-05 21:51:30.020  INFO  [main] c.y.w.u.WebUtils - key: convert.zoneid, value: Asia/Shanghai
2023-11-05 21:51:30.020  INFO  [main] c.y.w.u.WebUtils - key: other.list, value: [Apple, Orange, Pear]
2023-11-05 21:51:30.021  INFO  [main] c.y.w.u.WebUtils - key: convert.integer, value: 1234567
2023-11-05 21:51:30.021  INFO  [main] c.y.w.u.WebUtils - key: other.bool-data, value: true
2023-11-05 21:51:30.021  INFO  [main] c.y.w.u.WebUtils - key: other.hex-data, value: 1715004
2023-11-05 21:51:30.021  INFO  [main] c.y.w.u.WebUtils - key: convert.long, value: 123456789000
2023-11-05 21:51:30.021  INFO  [main] c.y.w.u.WebUtils - key: convert.float, value: 12345.6789
2023-11-05 21:51:30.021  INFO  [main] c.y.w.u.WebUtils - key: convert.localdate, value: Wed Mar 29 08:00:00 CST 2023
2023-11-05 21:51:30.021  INFO  [main] c.y.w.u.WebUtils - key: convert.zoneddatetime, value: 2023-03-29T20:45:01+08:00[Asia/Shanghai]
2023-11-05 21:51:30.021  INFO  [main] c.y.w.u.WebUtils - key: convert.boolean, value: true
2023-11-05 21:51:30.021  INFO  [main] c.y.w.u.WebUtils - key: summer.datasource.password, value: null
2023-11-05 21:51:30.021  INFO  [main] c.y.w.u.WebUtils - key: convert.byte, value: 123
2023-11-05 21:51:30.021  INFO  [main] c.y.w.u.WebUtils - key: convert.duration, value: P2DT3H4M
2023-11-05 21:51:30.022  INFO  [main] c.y.w.u.WebUtils - key: other.address, value: 123 Walkman Dr.
Suite No.456

2023-11-05 21:51:30.022  INFO  [main] c.y.w.u.WebUtils - key: app.version, value: 1.0.0
2023-11-05 21:51:30.022  INFO  [main] c.y.w.u.WebUtils - key: convert.short, value: 12345
2023-11-05 21:51:30.022  INFO  [main] c.y.w.u.WebUtils - key: app.title, value: Summer Framework
2023-11-05 21:51:30.022  INFO  [main] c.y.w.u.WebUtils - key: summer.datasource.auto-commit, value: ${AUTO_COMMIT:false}
2023-11-05 21:51:30.022  INFO  [main] c.y.w.u.WebUtils - key: other.int-data, value: 12345
2023-11-05 21:51:30.022  INFO  [main] c.y.w.u.WebUtils - key: convert.localtime, value: 74701
2023-11-05 21:51:30.022  INFO  [main] c.y.w.u.WebUtils - key: other.hex-string, value: 0x1a2b3c
2023-11-05 21:51:30.022  INFO  [main] c.y.w.u.WebUtils - key: summer.datasource.username, value: sa
2023-11-05 21:51:30.022  INFO  [main] c.y.w.u.WebUtils - key: summer.datasource.url, value: jdbc:hsqldb:file:testdb.tmp
2023-11-05 21:51:46.584  INFO  [main] c.y.w.u.WebUtils - key: other.deep.deep.level, value: level-4
2023-11-05 21:51:46.587  INFO  [main] c.y.w.u.WebUtils - key: convert.double, value: 1.2345678987654321E8
2023-11-05 21:51:46.587  INFO  [main] c.y.w.u.WebUtils - key: convert.localdatetime, value: Thu Mar 30 04:45:01 CST 2023
2023-11-05 21:51:46.587  INFO  [main] c.y.w.u.WebUtils - key: convert.zoneid, value: Asia/Shanghai
2023-11-05 21:51:46.587  INFO  [main] c.y.w.u.WebUtils - key: other.list, value: [Apple, Orange, Pear]
2023-11-05 21:51:46.587  INFO  [main] c.y.w.u.WebUtils - key: convert.integer, value: 1234567
2023-11-05 21:51:46.587  INFO  [main] c.y.w.u.WebUtils - key: other.bool-data, value: true
2023-11-05 21:51:46.587  INFO  [main] c.y.w.u.WebUtils - key: other.hex-data, value: 1715004
2023-11-05 21:51:46.587  INFO  [main] c.y.w.u.WebUtils - key: convert.long, value: 123456789000
2023-11-05 21:51:46.587  INFO  [main] c.y.w.u.WebUtils - key: convert.float, value: 12345.6789
2023-11-05 21:51:46.587  INFO  [main] c.y.w.u.WebUtils - key: convert.localdate, value: Wed Mar 29 08:00:00 CST 2023
2023-11-05 21:51:46.588  INFO  [main] c.y.w.u.WebUtils - key: convert.zoneddatetime, value: 2023-03-29T20:45:01+08:00[Asia/Shanghai]
2023-11-05 21:51:46.588  INFO  [main] c.y.w.u.WebUtils - key: convert.boolean, value: true
2023-11-05 21:51:46.588  INFO  [main] c.y.w.u.WebUtils - key: summer.datasource.password, value: null
2023-11-05 21:51:46.588  INFO  [main] c.y.w.u.WebUtils - key: convert.byte, value: 123
2023-11-05 21:51:46.588  INFO  [main] c.y.w.u.WebUtils - key: convert.duration, value: P2DT3H4M
2023-11-05 21:51:46.588  INFO  [main] c.y.w.u.WebUtils - key: other.address, value: 123 Walkman Dr.
Suite No.456

2023-11-05 21:51:46.588  INFO  [main] c.y.w.u.WebUtils - key: app.version, value: 1.0.0
2023-11-05 21:51:46.588  INFO  [main] c.y.w.u.WebUtils - key: convert.short, value: 12345
2023-11-05 21:51:46.588  INFO  [main] c.y.w.u.WebUtils - key: app.title, value: Summer Framework
2023-11-05 21:51:46.588  INFO  [main] c.y.w.u.WebUtils - key: summer.datasource.auto-commit, value: ${AUTO_COMMIT:false}
2023-11-05 21:51:46.588  INFO  [main] c.y.w.u.WebUtils - key: other.int-data, value: 12345
2023-11-05 21:51:46.588  INFO  [main] c.y.w.u.WebUtils - key: convert.localtime, value: 74701
2023-11-05 21:51:46.588  INFO  [main] c.y.w.u.WebUtils - key: other.hex-string, value: 0x1a2b3c
2023-11-05 21:51:46.588  INFO  [main] c.y.w.u.WebUtils - key: summer.datasource.username, value: sa
2023-11-05 21:51:46.588  INFO  [main] c.y.w.u.WebUtils - key: summer.datasource.url, value: jdbc:hsqldb:file:testdb.tmp
2023-11-05 21:52:12.185  INFO  [main] c.y.w.u.WebUtils - key: other.deep.deep.level, value: level-4
2023-11-05 21:52:12.187  INFO  [main] c.y.w.u.WebUtils - key: convert.double, value: 1.2345678987654321E8
2023-11-05 21:52:12.187  INFO  [main] c.y.w.u.WebUtils - key: convert.localdatetime, value: Thu Mar 30 04:45:01 CST 2023
2023-11-05 21:52:12.188  INFO  [main] c.y.w.u.WebUtils - key: convert.zoneid, value: Asia/Shanghai
2023-11-05 21:52:12.188  INFO  [main] c.y.w.u.WebUtils - key: other.list, value: [Apple, Orange, Pear]
2023-11-05 21:52:12.188  INFO  [main] c.y.w.u.WebUtils - key: convert.integer, value: 1234567
2023-11-05 21:52:12.188  INFO  [main] c.y.w.u.WebUtils - key: other.bool-data, value: true
2023-11-05 21:52:12.188  INFO  [main] c.y.w.u.WebUtils - key: other.hex-data, value: 1715004
2023-11-05 21:52:12.188  INFO  [main] c.y.w.u.WebUtils - key: convert.long, value: 123456789000
2023-11-05 21:52:12.188  INFO  [main] c.y.w.u.WebUtils - key: convert.float, value: 12345.6789
2023-11-05 21:52:12.188  INFO  [main] c.y.w.u.WebUtils - key: convert.localdate, value: Wed Mar 29 08:00:00 CST 2023
2023-11-05 21:52:12.188  INFO  [main] c.y.w.u.WebUtils - key: convert.zoneddatetime, value: 2023-03-29T20:45:01+08:00[Asia/Shanghai]
2023-11-05 21:52:12.188  INFO  [main] c.y.w.u.WebUtils - key: convert.boolean, value: true
2023-11-05 21:52:12.188  INFO  [main] c.y.w.u.WebUtils - key: summer.datasource.password, value: null
2023-11-05 21:52:12.188  INFO  [main] c.y.w.u.WebUtils - key: convert.byte, value: 123
2023-11-05 21:52:12.188  INFO  [main] c.y.w.u.WebUtils - key: convert.duration, value: P2DT3H4M
2023-11-05 21:52:12.188  INFO  [main] c.y.w.u.WebUtils - key: other.address, value: 123 Walkman Dr.
Suite No.456

2023-11-05 21:52:12.189  INFO  [main] c.y.w.u.WebUtils - key: app.version, value: 1.0.0
2023-11-05 21:52:12.189  INFO  [main] c.y.w.u.WebUtils - key: convert.short, value: 12345
2023-11-05 21:52:12.189  INFO  [main] c.y.w.u.WebUtils - key: app.title, value: Summer Framework
2023-11-05 21:52:12.189  INFO  [main] c.y.w.u.WebUtils - key: summer.datasource.auto-commit, value: ${AUTO_COMMIT:false}
2023-11-05 21:52:12.189  INFO  [main] c.y.w.u.WebUtils - key: other.int-data, value: 12345
2023-11-05 21:52:12.189  INFO  [main] c.y.w.u.WebUtils - key: convert.localtime, value: 74701
2023-11-05 21:52:12.189  INFO  [main] c.y.w.u.WebUtils - key: other.hex-string, value: 0x1a2b3c
2023-11-05 21:52:12.189  INFO  [main] c.y.w.u.WebUtils - key: summer.datasource.username, value: sa
2023-11-05 21:52:12.189  INFO  [main] c.y.w.u.WebUtils - key: summer.datasource.url, value: jdbc:hsqldb:file:testdb.tmp
2023-11-05 21:52:39.589  INFO  [main] c.y.w.u.WebUtils - key: other.deep.deep.level, value: level-4
2023-11-05 21:52:39.592  INFO  [main] c.y.w.u.WebUtils - key: convert.double, value: 1.2345678987654321E8
2023-11-05 21:52:39.592  INFO  [main] c.y.w.u.WebUtils - key: convert.localdatetime, value: Thu Mar 30 04:45:01 CST 2023
2023-11-05 21:52:39.592  INFO  [main] c.y.w.u.WebUtils - key: convert.zoneid, value: Asia/Shanghai
2023-11-05 21:52:39.592  INFO  [main] c.y.w.u.WebUtils - key: other.list, value: [Apple, Orange, Pear]
2023-11-05 21:52:39.593  INFO  [main] c.y.w.u.WebUtils - key: convert.integer, value: 1234567
2023-11-05 21:52:39.593  INFO  [main] c.y.w.u.WebUtils - key: other.bool-data, value: true
2023-11-05 21:52:39.593  INFO  [main] c.y.w.u.WebUtils - key: other.hex-data, value: 1715004
2023-11-05 21:52:39.593  INFO  [main] c.y.w.u.WebUtils - key: convert.long, value: 123456789000
2023-11-05 21:52:39.593  INFO  [main] c.y.w.u.WebUtils - key: convert.float, value: 12345.6789
2023-11-05 21:52:39.593  INFO  [main] c.y.w.u.WebUtils - key: convert.localdate, value: Wed Mar 29 08:00:00 CST 2023
2023-11-05 21:52:39.593  INFO  [main] c.y.w.u.WebUtils - key: convert.zoneddatetime, value: 2023-03-29T20:45:01+08:00[Asia/Shanghai]
2023-11-05 21:52:39.593  INFO  [main] c.y.w.u.WebUtils - key: convert.boolean, value: true
2023-11-05 21:53:22.799  INFO  [main] c.y.w.u.WebUtils - key: other.deep.deep.level, value: level-4
2023-11-05 21:53:22.801  INFO  [main] c.y.w.u.WebUtils - key: convert.double, value: 1.2345678987654321E8
2023-11-05 21:53:22.801  INFO  [main] c.y.w.u.WebUtils - key: convert.localdatetime, value: Thu Mar 30 04:45:01 CST 2023
2023-11-05 21:53:22.802  INFO  [main] c.y.w.u.WebUtils - key: convert.zoneid, value: Asia/Shanghai
2023-11-05 21:53:22.802  INFO  [main] c.y.w.u.WebUtils - key: other.list, value: [Apple, Orange, Pear]
2023-11-05 21:53:22.802  INFO  [main] c.y.w.u.WebUtils - key: convert.integer, value: 1234567
2023-11-05 21:53:22.802  INFO  [main] c.y.w.u.WebUtils - key: other.bool-data, value: true
2023-11-05 21:53:22.802  INFO  [main] c.y.w.u.WebUtils - key: other.hex-data, value: 1715004
2023-11-05 21:53:22.802  INFO  [main] c.y.w.u.WebUtils - key: convert.long, value: 123456789000
2023-11-05 21:53:22.802  INFO  [main] c.y.w.u.WebUtils - key: convert.float, value: 12345.6789
2023-11-05 21:53:22.802  INFO  [main] c.y.w.u.WebUtils - key: convert.localdate, value: Wed Mar 29 08:00:00 CST 2023
2023-11-05 21:53:22.802  INFO  [main] c.y.w.u.WebUtils - key: convert.zoneddatetime, value: 2023-03-29T20:45:01+08:00[Asia/Shanghai]
2023-11-05 21:53:22.802  INFO  [main] c.y.w.u.WebUtils - key: convert.boolean, value: true
2023-11-05 21:54:32.787  INFO  [main] c.y.w.u.WebUtils - key: other.deep.deep.level, value: level-4
2023-11-05 21:54:32.790  INFO  [main] c.y.w.u.WebUtils - key: convert.double, value: 1.2345678987654321E8
2023-11-05 21:54:32.790  INFO  [main] c.y.w.u.WebUtils - key: convert.localdatetime, value: Thu Mar 30 04:45:01 CST 2023
2023-11-05 21:54:32.790  INFO  [main] c.y.w.u.WebUtils - key: convert.zoneid, value: Asia/Shanghai
2023-11-05 21:54:32.790  INFO  [main] c.y.w.u.WebUtils - key: other.list, value: [Apple, Orange, Pear]
2023-11-05 21:54:32.790  INFO  [main] c.y.w.u.WebUtils - key: convert.integer, value: 1234567
2023-11-05 21:54:32.790  INFO  [main] c.y.w.u.WebUtils - key: other.bool-data, value: true
2023-11-05 21:54:32.791  INFO  [main] c.y.w.u.WebUtils - key: other.hex-data, value: 1715004
2023-11-05 21:54:32.791  INFO  [main] c.y.w.u.WebUtils - key: convert.long, value: 123456789000
2023-11-05 21:54:32.791  INFO  [main] c.y.w.u.WebUtils - key: convert.float, value: 12345.6789
2023-11-05 21:54:32.791  INFO  [main] c.y.w.u.WebUtils - key: convert.localdate, value: Wed Mar 29 08:00:00 CST 2023
2023-11-05 21:54:32.791  INFO  [main] c.y.w.u.WebUtils - key: convert.zoneddatetime, value: 2023-03-29T20:45:01+08:00[Asia/Shanghai]
2023-11-05 21:54:32.791  INFO  [main] c.y.w.u.WebUtils - key: convert.boolean, value: true
2023-11-05 21:54:32.791  INFO  [main] c.y.w.u.WebUtils - key: summer.datasource.password, value: null
2023-11-05 21:54:32.791  INFO  [main] c.y.w.u.WebUtils - key: convert.byte, value: 123
2023-11-05 21:54:32.791  INFO  [main] c.y.w.u.WebUtils - key: convert.duration, value: P2DT3H4M
2023-11-05 21:54:32.791  INFO  [main] c.y.w.u.WebUtils - key: other.address, value: 123 Walkman Dr.
Suite No.456

2023-11-05 21:54:32.791  INFO  [main] c.y.w.u.WebUtils - key: app.version, value: 1.0.0
2023-11-05 21:54:32.791  INFO  [main] c.y.w.u.WebUtils - key: convert.short, value: 12345
2023-11-05 21:54:32.791  INFO  [main] c.y.w.u.WebUtils - key: app.title, value: Summer Framework
2023-11-05 21:54:32.791  INFO  [main] c.y.w.u.WebUtils - key: summer.datasource.auto-commit, value: ${AUTO_COMMIT:false}
2023-11-05 21:54:32.791  INFO  [main] c.y.w.u.WebUtils - key: other.int-data, value: 12345
2023-11-05 21:54:32.792  INFO  [main] c.y.w.u.WebUtils - key: convert.localtime, value: 74701
2023-11-05 21:54:32.792  INFO  [main] c.y.w.u.WebUtils - key: other.hex-string, value: 0x1a2b3c
2023-11-05 21:54:32.792  INFO  [main] c.y.w.u.WebUtils - key: summer.datasource.username, value: sa
2023-11-05 21:54:32.792  INFO  [main] c.y.w.u.WebUtils - key: summer.datasource.url, value: jdbc:hsqldb:file:testdb.tmp
2023-11-05 21:55:04.395  INFO  [main] c.y.w.u.WebUtils - key: other.deep.deep.level, value: level-4
2023-11-05 21:55:04.398  INFO  [main] c.y.w.u.WebUtils - key: convert.double, value: 1.2345678987654321E8
2023-11-05 21:55:04.398  INFO  [main] c.y.w.u.WebUtils - key: convert.localdatetime, value: Thu Mar 30 04:45:01 CST 2023
2023-11-05 21:55:04.398  INFO  [main] c.y.w.u.WebUtils - key: convert.zoneid, value: Asia/Shanghai
2023-11-05 21:55:04.398  INFO  [main] c.y.w.u.WebUtils - key: other.list, value: [Apple, Orange, Pear]
2023-11-05 21:55:04.398  INFO  [main] c.y.w.u.WebUtils - key: convert.integer, value: 1234567
2023-11-05 21:55:04.398  INFO  [main] c.y.w.u.WebUtils - key: other.bool-data, value: true
2023-11-05 21:55:04.398  INFO  [main] c.y.w.u.WebUtils - key: other.hex-data, value: 1715004
2023-11-05 21:55:04.398  INFO  [main] c.y.w.u.WebUtils - key: convert.long, value: 123456789000
2023-11-05 21:55:04.398  INFO  [main] c.y.w.u.WebUtils - key: convert.float, value: 12345.6789
2023-11-05 21:55:04.399  INFO  [main] c.y.w.u.WebUtils - key: convert.localdate, value: Wed Mar 29 08:00:00 CST 2023
2023-11-05 21:55:04.399  INFO  [main] c.y.w.u.WebUtils - key: convert.zoneddatetime, value: 2023-03-29T20:45:01+08:00[Asia/Shanghai]
2023-11-05 21:55:04.399  INFO  [main] c.y.w.u.WebUtils - key: convert.boolean, value: true
2023-11-05 21:55:04.399  INFO  [main] c.y.w.u.WebUtils - key: summer.datasource.password, value: null
2023-11-05 21:55:04.399  INFO  [main] c.y.w.u.WebUtils - key: convert.byte, value: 123
2023-11-05 21:55:04.399  INFO  [main] c.y.w.u.WebUtils - key: convert.duration, value: P2DT3H4M
2023-11-05 21:55:04.399  INFO  [main] c.y.w.u.WebUtils - key: other.address, value: 123 Walkman Dr.
Suite No.456

2023-11-05 21:55:04.399  INFO  [main] c.y.w.u.WebUtils - key: app.version, value: 1.0.0
2023-11-05 21:55:04.399  INFO  [main] c.y.w.u.WebUtils - key: convert.short, value: 12345
2023-11-05 21:55:04.400  INFO  [main] c.y.w.u.WebUtils - key: app.title, value: Summer Framework
2023-11-05 21:55:04.400  INFO  [main] c.y.w.u.WebUtils - key: summer.datasource.auto-commit, value: ${AUTO_COMMIT:false}
2023-11-05 21:55:04.400  INFO  [main] c.y.w.u.WebUtils - key: other.int-data, value: 12345
2023-11-05 21:55:04.400  INFO  [main] c.y.w.u.WebUtils - key: convert.localtime, value: 74701
2023-11-05 21:55:04.400  INFO  [main] c.y.w.u.WebUtils - key: other.hex-string, value: 0x1a2b3c
2023-11-05 21:55:04.400  INFO  [main] c.y.w.u.WebUtils - key: summer.datasource.username, value: sa
2023-11-05 21:55:04.400  INFO  [main] c.y.w.u.WebUtils - key: summer.datasource.url, value: jdbc:hsqldb:file:testdb.tmp
2023-11-05 21:55:59.046  INFO  [main] c.y.w.u.WebUtils - load config: application.yml
2023-11-05 21:56:09.872  INFO  [main] c.y.w.u.WebUtils - load config: application.yml
2023-11-08 11:19:03.113  INFO  [main] c.y.PathUtilsTest - res: /product/(?<productId>[^/]*)/detail/(?<detailId>[^/]*)
2023-11-08 11:43:33.548  INFO  [main] c.y.PathUtilsTest - res: /product/(?<productId>[^/]*)/detail/(?<detailId>[^/]*)
2023-11-08 11:43:33.551  INFO  [main] c.y.PathUtilsTest - pattern: ^/product/(?<productId>[^/]*)/detail/(?<detailId>[^/]*)$
2023-11-08 11:49:00.157  INFO  [main] c.y.PathUtilsTest - res: /product/(?<productId>[^/]*)/detail/(?<detailId>[^/]*)
2023-11-08 11:49:00.162  INFO  [main] c.y.PathUtilsTest - pattern: ^/product/(?<productId>[^/]*)/detail/(?<detailId>[^/]*)$
2023-11-08 11:50:20.382  INFO  [main] c.y.PathUtilsTest - res: /product/(?<productId>[^/]*)/detail/(?<detailId>[^/]*)
2023-11-08 11:50:20.399  INFO  [main] c.y.PathUtilsTest - pattern: ^/product/(?<productId>[^/]*)/detail/(?<detailId>[^/]*)$
2023-11-08 11:53:21.667  INFO  [main] c.y.PathUtilsTest - res: /product/(?<productId>[^/]*)/detail/(?<detailId>[^/]*)
2023-11-08 11:53:21.671  INFO  [main] c.y.PathUtilsTest - pattern: ^/product/(?<productId>[^/]*)/detail/(?<detailId>[^/]*)$
2023-11-08 11:54:26.299  INFO  [main] c.y.PathUtilsTest - res: /product/(?<productId>[^/]*)/detail/(?<detailId>[^/]*)
2023-11-08 11:54:26.303  INFO  [main] c.y.PathUtilsTest - pattern: ^/product/(?<productId>[^/]*)/detail/(?<detailId>[^/]*)$
2023-11-08 11:54:26.303  INFO  [main] c.y.PathUtilsTest - res: 1
2023-11-09 11:03:53.260  DEBUG [main] c.y.w.u.JsonUtils - json: {  "name": "yelanyanyu",  "phone": "114514",  "friends": [    {      "name": "ikun",      "phone": "1919180"    },    {      "name": "ikun2",      "phone": "1145141919180"    }  ],  "address": "新日暮里",  "age": 100}
2023-11-09 11:05:11.951  DEBUG [main] c.y.w.u.JsonUtils - json: {  "name": "yelanyanyu",  "phone": "114514",  "friends": [    {      "name": "ikun",      "phone": "1919180"    },    {      "name": "ikun2",      "phone": "1145141919180"    }  ],  "address": "新日暮里",  "age": 100}
2023-11-09 11:05:55.116  DEBUG [main] c.y.w.u.JsonUtils - json: {  "name": "yelanyanyu",  "phone": "114514",  "friends": [    {      "name": "ikun",      "phone": "1919180"    },    {      "name": "ikun2",      "phone": "1145141919180"    }  ],  "address": "新日暮里",  "age": 100}
2023-11-09 11:06:07.295  DEBUG [main] c.y.w.u.JsonUtils - json: {  "name": "yelanyanyu",  "phone": "114514",  "friends": [    {      "name": "ikun",      "phone": "1919180"    },    {      "name": "ikun2",      "phone": "1145141919180"    }  ],  "address": "新日暮里",  "age": 100}
2023-11-09 11:06:07.358  DEBUG [main] c.y.JsonUtilsTest - obj: TestBean(name=yelanyanyu, phone=114514, address=新日暮里, age=100, friends=[Friend(name=ikun, phone=1919180), Friend(name=ikun2, phone=1145141919180)])
2023-11-09 11:06:23.741  DEBUG [main] c.y.w.u.JsonUtils - json: {  "name": "yelanyanyu",  "phone": "114514",  "friends": [    {      "name": "ikun",      "phone": "1919180"    },    {      "name": "ikun2",      "phone": "1145141919180"    }  ],  "address": "新日暮里",  "age": 100}
2023-11-09 11:06:23.805  DEBUG [main] c.y.JsonUtilsTest - obj: TestBean(name=yelanyanyu, phone=114514, address=新日暮里, age=100, friends=[Friend(name=ikun, phone=1919180), Friend(name=ikun2, phone=1145141919180)])
2023-11-09 15:50:21.933  DEBUG [main] c.y.w.u.JsonUtils - json: {  "name": "yelanyanyu",  "phone": "114514",  "friends": [    {      "name": "ikun",      "phone": "1919180"    },    {      "name": "ikun2",      "phone": "1145141919180"    }  ],  "address": "新日暮里",  "age": 100}
2023-11-09 15:50:21.998  DEBUG [main] c.y.JsonUtilsTest - obj: TestBean(name=yelanyanyu, phone=114514, address=新日暮里, age=100, friends=[Friend(name=ikun, phone=1919180), Friend(name=ikun2, phone=1145141919180)])
2023-11-09 15:50:55.893  DEBUG [main] c.y.w.u.JsonUtils - json: {  "name": "yelanyanyu",  "phone": "114514",  "friends": [    {      "name": "ikun",      "phone": "1919180"    },    {      "name": "ikun2",      "phone": "1145141919180"    }  ],  "address": "新日暮里",  "age": 100}
2023-11-09 15:50:55.959  DEBUG [main] c.y.JsonUtilsTest - obj: TestBean(name=yelanyanyu, phone=114514, address=新日暮里, age=100, friends=[Friend(name=ikun, phone=1919180), Friend(name=ikun2, phone=1145141919180)])
2023-11-09 15:50:55.971  DEBUG [main] c.y.JsonUtilsTest - str: {"name":"yelanyanyu","phone":"114514","address":"新日暮里","age":100,"friends":[{"name":"ikun","phone":"1919180"},{"name":"ikun2","phone":"1145141919180"}]}
2023-11-09 15:51:17.436  DEBUG [main] c.y.JsonUtilsTest - obj: TestBean(name=yelanyanyu, phone=114514, address=新日暮里, age=100, friends=[Friend(name=ikun, phone=1919180), Friend(name=ikun2, phone=1145141919180)])
2023-11-09 15:51:17.450  DEBUG [main] c.y.JsonUtilsTest - str: {"name":"yelanyanyu","phone":"114514","address":"新日暮里","age":100,"friends":[{"name":"ikun","phone":"1919180"},{"name":"ikun2","phone":"1145141919180"}]}
2023-11-09 15:51:35.492  DEBUG [main] c.y.JsonUtilsTest - obj: TestBean(name=yelanyanyu, phone=114514, address=新日暮里, age=100, friends=[Friend(name=ikun, phone=1919180), Friend(name=ikun2, phone=1145141919180)])
2023-11-09 15:51:35.505  DEBUG [main] c.y.JsonUtilsTest - str: {"name":"yelanyanyu","phone":"114514","address":"新日暮里","age":100,"friends":[{"name":"ikun","phone":"1919180"},{"name":"ikun2","phone":"1145141919180"}]}
2023-11-09 15:52:00.652  DEBUG [main] c.y.JsonUtilsTest - obj: TestBean(name=yelanyanyu, phone=114514, address=新日暮里, age=100, friends=[Friend(name=ikun, phone=1919180), Friend(name=ikun2, phone=1145141919180)])
2023-11-09 15:52:00.666  DEBUG [main] c.y.JsonUtilsTest - str: {"name":"yelanyanyu","phone":"114514","address":"新日暮里","age":100,"friends":[{"name":"ikun","phone":"1919180"},{"name":"ikun2","phone":"1145141919180"}]}
2023-11-09 15:55:28.855  DEBUG [main] c.y.JsonUtilsTest - obj: TestBean(name=yelanyanyu, phone=114514, address=新日暮里, age=100, friends=[Friend(name=ikun, phone=1919180), Friend(name=ikun2, phone=1145141919180)])
2023-11-09 15:55:28.868  DEBUG [main] c.y.JsonUtilsTest - str: {"name":"yelanyanyu","phone":"114514","address":"新日暮里","age":100,"friends":[{"name":"ikun","phone":"1919180"},{"name":"ikun2","phone":"1145141919180"}]}
2023-11-09 15:56:13.783  DEBUG [main] c.y.JsonUtilsTest - obj: TestBean(name=yelanyanyu, phone=114514, address=新日暮里, age=100, friends=[Friend(name=ikun, phone=1919180), Friend(name=ikun2, phone=1145141919180)])
2023-11-09 15:56:13.797  DEBUG [main] c.y.JsonUtilsTest - str: {"name":"yelanyanyu","phone":"114514","address":"新日暮里","age":100,"friends":[{"name":"ikun","phone":"1919180"},{"name":"ikun2","phone":"1145141919180"}]}
2023-11-09 15:56:21.845  DEBUG [main] c.y.JsonUtilsTest - obj: TestBean(name=yelanyanyu, phone=114514, address=新日暮里, age=100, friends=[Friend(name=ikun, phone=1919180), Friend(name=ikun2, phone=1145141919180)])
2023-11-09 15:56:21.858  DEBUG [main] c.y.JsonUtilsTest - str: {"name":"yelanyanyu","phone":"114514","address":"新日暮里","age":100,"friends":[{"name":"ikun","phone":"1919180"},{"name":"ikun2","phone":"1145141919180"}]}
2023-11-09 15:59:10.850  DEBUG [main] c.y.JsonUtilsTest - obj: TestBean(name=yelanyanyu, phone=114514, address=新日暮里, age=100, friends=[Friend(name=ikun, phone=1919180), Friend(name=ikun2, phone=1145141919180)])
2023-11-09 15:59:10.865  DEBUG [main] c.y.JsonUtilsTest - str: {"name":"yelanyanyu","phone":"114514","address":"新日暮里","age":100,"friends":[{"name":"ikun","phone":"1919180"},{"name":"ikun2","phone":"1145141919180"}]}
2023-11-09 23:33:30.139  INFO  [main] c.y.WebUtilsTest - is: true
