2023-12-20 20:37:15.854  DEBUG [main] c.y.c.AnnotationConfigApplicationContext - found component in bean: com.yelanyanyu.aop.AroundProxyBeanPostProcessor
2023-12-20 20:37:15.864  DEBUG [main] c.y.c.AnnotationConfigApplicationContext - define bean: BeanDefinition(name=aroundProxyBeanPostProcessor, beanClass=class com.yelanyanyu.aop.AroundProxyBeanPostProcessor, instance=null, constructor=public com.yelanyanyu.aop.AroundProxyBeanPostProcessor(), factoryName=null, factoryMethod=null, order=2147483647, primary=false, init=false, initMethodName=null, destroyMethodName=null, initMethod=null, destoyMethod=null)
2023-12-20 20:37:15.876  DEBUG [main] c.y.c.AnnotationConfigApplicationContext - found component in bean: com.yelanyanyu.aop.after.AfterTest
2023-12-20 20:37:15.889  DEBUG [main] c.y.c.AnnotationConfigApplicationContext - found component in bean: com.yelanyanyu.aop.after.AfterApplication
2023-12-20 20:37:15.889  DEBUG [main] c.y.c.AnnotationConfigApplicationContext - define bean: BeanDefinition(name=afterApplication, beanClass=class com.yelanyanyu.aop.after.AfterApplication, instance=null, constructor=public com.yelanyanyu.aop.after.AfterApplication(), factoryName=null, factoryMethod=null, order=2147483647, primary=false, init=false, initMethodName=null, destroyMethodName=null, initMethod=null, destoyMethod=null)
2023-12-20 20:37:15.890  DEBUG [main] c.y.c.AnnotationConfigApplicationContext - found component in bean: com.yelanyanyu.aop.BeforeProxyBeanPostProcessor
2023-12-20 20:37:15.890  DEBUG [main] c.y.c.AnnotationConfigApplicationContext - define bean: BeanDefinition(name=beforeProxyBeanPostProcessor, beanClass=class com.yelanyanyu.aop.BeforeProxyBeanPostProcessor, instance=null, constructor=public com.yelanyanyu.aop.BeforeProxyBeanPostProcessor(), factoryName=null, factoryMethod=null, order=2147483647, primary=false, init=false, initMethodName=null, destroyMethodName=null, initMethod=null, destoyMethod=null)
2023-12-20 20:37:15.891  DEBUG [main] c.y.c.AnnotationConfigApplicationContext - found component in bean: com.yelanyanyu.aop.after.AfterHandler
2023-12-20 20:37:15.891  DEBUG [main] c.y.c.AnnotationConfigApplicationContext - define bean: BeanDefinition(name=afterHandler, beanClass=class com.yelanyanyu.aop.after.AfterHandler, instance=null, constructor=public com.yelanyanyu.aop.after.AfterHandler(), factoryName=null, factoryMethod=null, order=2147483647, primary=false, init=false, initMethodName=null, destroyMethodName=null, initMethod=null, destoyMethod=null)
2023-12-20 20:37:15.893  DEBUG [main] c.y.c.AnnotationConfigApplicationContext - found component in bean: com.yelanyanyu.aop.after.OriginBean
2023-12-20 20:37:15.893  DEBUG [main] c.y.c.AnnotationConfigApplicationContext - define bean: BeanDefinition(name=originBean, beanClass=class com.yelanyanyu.aop.after.OriginBean, instance=null, constructor=public com.yelanyanyu.aop.after.OriginBean(), factoryName=null, factoryMethod=null, order=2147483647, primary=false, init=false, initMethodName=null, destroyMethodName=null, initMethod=null, destoyMethod=null)
2023-12-20 20:37:15.894  DEBUG [main] c.y.c.AnnotationConfigApplicationContext - found component in bean: com.yelanyanyu.aop.AfterProxyBeanPostProcessor
2023-12-20 20:37:15.894  DEBUG [main] c.y.c.AnnotationConfigApplicationContext - define bean: BeanDefinition(name=afterProxyBeanPostProcessor, beanClass=class com.yelanyanyu.aop.AfterProxyBeanPostProcessor, instance=null, constructor=public com.yelanyanyu.aop.AfterProxyBeanPostProcessor(), factoryName=null, factoryMethod=null, order=2147483647, primary=false, init=false, initMethodName=null, destroyMethodName=null, initMethod=null, destoyMethod=null)
2023-12-20 20:37:15.895  DEBUG [main] c.y.c.AnnotationConfigApplicationContext - try create Bean 'afterApplication' as early singleton: com.yelanyanyu.aop.after.AfterApplication
2023-12-20 20:37:15.896  DEBUG [main] c.y.c.AnnotationConfigApplicationContext - try create Bean 'afterProxyBeanPostProcessor' as early singleton: com.yelanyanyu.aop.AfterProxyBeanPostProcessor
2023-12-20 20:37:15.897  DEBUG [main] c.y.c.AnnotationConfigApplicationContext - try create Bean 'aroundProxyBeanPostProcessor' as early singleton: com.yelanyanyu.aop.AroundProxyBeanPostProcessor
2023-12-20 20:37:15.898  DEBUG [main] c.y.c.AnnotationConfigApplicationContext - try create Bean 'beforeProxyBeanPostProcessor' as early singleton: com.yelanyanyu.aop.BeforeProxyBeanPostProcessor
2023-12-20 20:37:15.899  DEBUG [main] c.y.c.AnnotationConfigApplicationContext - try create Bean 'afterHandler' as early singleton: com.yelanyanyu.aop.after.AfterHandler
2023-12-20 20:37:15.899  DEBUG [main] c.y.c.AnnotationConfigApplicationContext - try create Bean 'originBean' as early singleton: com.yelanyanyu.aop.after.OriginBean
2023-12-20 20:37:16.136  DEBUG [main] c.y.c.AnnotationConfigApplicationContext - bean 'originBean' was replaced by the processor: com.yelanyanyu.aop.AfterProxyBeanPostProcessor
2023-12-20 20:37:16.139  DEBUG [main] c.y.c.AnnotationConfigApplicationContext - bean initialized: BeanDefinition(name=afterApplication, beanClass=class com.yelanyanyu.aop.after.AfterApplication, instance=com.yelanyanyu.aop.after.AfterApplication@4b8729ff, constructor=public com.yelanyanyu.aop.after.AfterApplication(), factoryName=null, factoryMethod=null, order=2147483647, primary=false, init=false, initMethodName=null, destroyMethodName=null, initMethod=null, destoyMethod=null)
2023-12-20 20:37:16.140  DEBUG [main] c.y.c.AnnotationConfigApplicationContext - bean initialized: BeanDefinition(name=afterHandler, beanClass=class com.yelanyanyu.aop.after.AfterHandler, instance=com.yelanyanyu.aop.after.AfterHandler@61710c6, constructor=public com.yelanyanyu.aop.after.AfterHandler(), factoryName=null, factoryMethod=null, order=2147483647, primary=false, init=false, initMethodName=null, destroyMethodName=null, initMethod=null, destoyMethod=null)
2023-12-20 20:37:16.140  DEBUG [main] c.y.c.AnnotationConfigApplicationContext - bean initialized: BeanDefinition(name=afterProxyBeanPostProcessor, beanClass=class com.yelanyanyu.aop.AfterProxyBeanPostProcessor, instance=com.yelanyanyu.aop.AfterProxyBeanPostProcessor@3214ee6, constructor=public com.yelanyanyu.aop.AfterProxyBeanPostProcessor(), factoryName=null, factoryMethod=null, order=2147483647, primary=false, init=false, initMethodName=null, destroyMethodName=null, initMethod=null, destoyMethod=null)
2023-12-20 20:37:16.140  DEBUG [main] c.y.c.AnnotationConfigApplicationContext - bean initialized: BeanDefinition(name=aroundProxyBeanPostProcessor, beanClass=class com.yelanyanyu.aop.AroundProxyBeanPostProcessor, instance=com.yelanyanyu.aop.AroundProxyBeanPostProcessor@383dc82c, constructor=public com.yelanyanyu.aop.AroundProxyBeanPostProcessor(), factoryName=null, factoryMethod=null, order=2147483647, primary=false, init=false, initMethodName=null, destroyMethodName=null, initMethod=null, destoyMethod=null)
2023-12-20 20:37:16.140  DEBUG [main] c.y.c.AnnotationConfigApplicationContext - bean initialized: BeanDefinition(name=beforeProxyBeanPostProcessor, beanClass=class com.yelanyanyu.aop.BeforeProxyBeanPostProcessor, instance=com.yelanyanyu.aop.BeforeProxyBeanPostProcessor@4a07d605, constructor=public com.yelanyanyu.aop.BeforeProxyBeanPostProcessor(), factoryName=null, factoryMethod=null, order=2147483647, primary=false, init=false, initMethodName=null, destroyMethodName=null, initMethod=null, destoyMethod=null)
2023-12-20 20:37:16.140  INFO  [main] c.y.a.a.AfterHandler - AfterHandler: after method: toString
2023-12-20 20:37:16.140  DEBUG [main] c.y.c.AnnotationConfigApplicationContext - bean initialized: [FAILED toString()]
2023-12-20 20:37:16.144  INFO  [main] c.y.a.a.AfterHandler - AfterHandler: after method: toString
2023-12-20 20:37:16.144  DEBUG [main] c.y.c.AnnotationConfigApplicationContext - defs: [FAILED toString()]
2023-12-20 20:37:16.146  INFO  [main] c.y.a.a.AfterHandler - AfterHandler: after method: hello
